#
# A fatal error has been detected by the Java Runtime Environment:
#
#  EXCEPTION_ACCESS_VIOLATION (0xc0000005) at pc=0x0000020df3011066, pid=6572, tid=0x0000000000003994
#
# JRE version: Java(TM) SE Runtime Environment (8.0_321-b07) (build 1.8.0_321-b07)
# Java VM: Java HotSpot(TM) 64-Bit Server VM (25.321-b07 mixed mode windows-amd64 compressed oops)
# Problematic frame:
# C  [OpenAL64.dll+0x11066]
#
# Failed to write core dump. Minidumps are not enabled by default on client versions of Windows
#
# If you would like to submit a bug report, please visit:
#   http://bugreport.java.com/bugreport/crash.jsp
# The crash happened outside the Java Virtual Machine in native code.
# See problematic frame for where to report the bug.
#

---------------  T H R E A D  ---------------

Current thread (0x0000020dced7c800):  JavaThread "main" [_thread_in_native, id=14740, stack(0x000000bfe2600000,0x000000bfe2700000)]

siginfo: ExceptionCode=0xc0000005, reading address 0x0000020df26b4004

Registers:
RAX=0x0000000000000004, RBX=0x0000020df45c0090, RCX=0x0000020df26b4008, RDX=0x0000020df26b4004
RSP=0x000000bfe26fc8f0, RBP=0x00000000000000ff, RSI=0x0000020df26b2e6c, RDI=0x0000000000000000
R8 =0x0000000000000466, R9 =0x0000020df26b2e6c, R10=0x0000020dd084a002, R11=0x000000007551a940
R12=0x0000000000000001, R13=0x0000020df2e7bd20, R14=0x000000bfe26fca90, R15=0x0000020dced7c800
RIP=0x0000020df3011066, EFLAGS=0x0000000000010202

Top of Stack: (sp=0x000000bfe26fc8f0)
0x000000bfe26fc8f0:   0000000000000000 0000020dced7c800
0x000000bfe26fc900:   0000020df2e7bd20 0000000000000000
0x000000bfe26fc910:   0000020df2e7bd20 0000000000000000
0x000000bfe26fc920:   0000020dced7c800 000000bfe26fca90
0x000000bfe26fc930:   000000bfe26fca58 00000000753b357b
0x000000bfe26fc940:   000000bfe26fc970 0000000000000013
0x000000bfe26fc950:   0000020dced7b8d0 0000020dced7eb30
0x000000bfe26fc960:   0000020dced7c800 000000bfe26fca90
0x000000bfe26fc970:   0000020df2e7bd20 0000000000000000
0x000000bfe26fc980:   0000020df26b2e6c 0000000000000248
0x000000bfe26fc990:   000000bfe26fca58 0000020df301248f
0x000000bfe26fc9a0:   0000020df45c0090 0000020df45c0090
0x000000bfe26fc9b0:   0000020d0000ac44 0000020d00000004
0x000000bfe26fc9c0:   0000020dd0837f10 0000020dd084a02e
0x000000bfe26fc9d0:   0000020df2e7bd20 0000000000000248
0x000000bfe26fc9e0:   0000020dd0837f10 0000020dd0849d3b 

Instructions: (pc=0x0000020df3011066)
0x0000020df3011046:   41 2b ec 81 3a 03 00 02 00 75 09 8b 01 89 84 24
0x0000020df3011056:   c8 00 00 00 49 83 c0 02 48 83 c1 08 4a 8d 14 86
0x0000020df3011066:   39 3a 75 af 4c 8d 84 24 c0 00 00 00 48 8d 15 d7
0x0000020df3011076:   2b 03 00 33 c9 e8 58 5f 00 00 b8 40 1f 00 00 4c 


Register to memory mapping:

RAX=0x0000000000000004 is an unknown value
RBX=0x0000020df45c0090 is an unknown value
RCX=0x0000020df26b4008 is an unknown value
RDX=0x0000020df26b4004 is an unknown value
RSP=0x000000bfe26fc8f0 is pointing into the stack for thread: 0x0000020dced7c800
RBP=0x00000000000000ff is an unknown value
RSI=0x0000020df26b2e6c is an unknown value
RDI=0x0000000000000000 is an unknown value
R8 =0x0000000000000466 is an unknown value
R9 =0x0000020df26b2e6c is an unknown value
R10=0x0000020dd084a002 is at code_begin+962 in an Interpreter codelet
method entry point (kind = native)  [0x0000020dd0849c40, 0x0000020dd084a6e0]  2720 bytes
R11=0x000000007551a940 is an unknown value
R12=0x0000000000000001 is an unknown value
R13={method} {0x0000020df2e7bd28} 'nalcCreateContext' '(JJ)J' in 'org/lwjgl/openal/ALC10'
R14=0x000000bfe26fca90 is pointing into the stack for thread: 0x0000020dced7c800
R15=0x0000020dced7c800 is a thread


Stack: [0x000000bfe2600000,0x000000bfe2700000],  sp=0x000000bfe26fc8f0,  free space=1010k
Native frames: (J=compiled Java code, j=interpreted, Vv=VM code, C=native code)
C  [OpenAL64.dll+0x11066]
C  [OpenAL64.dll+0x1248f]
C  0x0000020dd084a02e

Java frames: (J=compiled Java code, j=interpreted, Vv=VM code)
j  org.lwjgl.openal.ALC10.nalcCreateContext(JJ)J+0
j  org.lwjgl.openal.ALC10.alcCreateContext(Lorg/lwjgl/openal/ALCdevice;Ljava/nio/IntBuffer;)Lorg/lwjgl/openal/ALCcontext;+8
j  org.lwjgl.openal.AL.init(Ljava/lang/String;IIZZ)V+69
j  org.lwjgl.openal.AL.create(Ljava/lang/String;IIZZ)V+246
j  org.lwjgl.openal.AL.create(Ljava/lang/String;IIZ)V+5
j  org.lwjgl.openal.AL.create()V+6
j  com.badlogic.gdx.backends.lwjgl.audio.OpenALAudio.<init>(III)V+114
j  com.badlogic.gdx.backends.lwjgl.LwjglApplication.<init>(Lcom/badlogic/gdx/ApplicationListener;Lcom/badlogic/gdx/backends/lwjgl/LwjglApplicationConfiguration;Lcom/badlogic/gdx/backends/lwjgl/LwjglGraphics;)V+120
j  com.badlogic.gdx.backends.lwjgl.LwjglApplication.<init>(Lcom/badlogic/gdx/ApplicationListener;Lcom/badlogic/gdx/backends/lwjgl/LwjglApplicationConfiguration;)V+11
j  org.uqbar.project.wollok.game.gameboard.WollokGDXApplication.<init>(Lorg/uqbar/project/wollok/game/gameboard/Gameboard;Ljava/lang/Boolean;)V+17
j  org.uqbar.project.wollok.game.helpers.Application.start(Lorg/uqbar/project/wollok/game/gameboard/Gameboard;Ljava/lang/Boolean;)V+5
j  org.uqbar.project.wollok.game.gameboard.Gameboard.start(Ljava/lang/Boolean;)V+13
j  wollok.game.GameObject.doStart(Ljava/lang/Boolean;)V+12
v  ~StubRoutines::call_stub
j  sun.reflect.NativeMethodAccessorImpl.invoke0(Ljava/lang/reflect/Method;Ljava/lang/Object;[Ljava/lang/Object;)Ljava/lang/Object;+0
J 3615 C1 sun.reflect.NativeMethodAccessorImpl.invoke(Ljava/lang/Object;[Ljava/lang/Object;)Ljava/lang/Object; (104 bytes) @ 0x0000020dd13631fc [0x0000020dd1362000+0x11fc]
J 3426 C2 java.lang.reflect.Method.invoke(Ljava/lang/Object;[Ljava/lang/Object;)Ljava/lang/Object; (62 bytes) @ 0x0000020dd12aa580 [0x0000020dd12aa4a0+0xe0]
j  org.uqbar.project.wollok.ui.utils.XTendUtilExtensions.invokeConvertingArgs(Ljava/lang/reflect/Method;Ljava/lang/Object;[Ljava/lang/Object;)Lorg/uqbar/project/wollok/interpreter/core/WollokObject;+261
j  org.uqbar.project.wollok.interpreter.AbstractWollokCallable._invokeNative(Ljava/lang/Object;Ljava/lang/String;[Lorg/uqbar/project/wollok/interpreter/core/WollokObject;)Lorg/uqbar/project/wollok/interpreter/core/WollokObject;+41
j  org.uqbar.project.wollok.interpreter.AbstractWollokCallable.invokeNative(Ljava/lang/Object;Ljava/lang/String;[Lorg/uqbar/project/wollok/interpreter/core/WollokObject;)Lorg/uqbar/project/wollok/interpreter/core/WollokObject;+26
j  org.uqbar.project.wollok.interpreter.AbstractWollokCallable$1.apply()Lorg/uqbar/project/wollok/interpreter/core/WollokObject;+55
j  org.uqbar.project.wollok.interpreter.AbstractWollokCallable$1.apply()Ljava/lang/Object;+1
j  org.uqbar.project.wollok.interpreter.threads.WThread.performOnStack(Lorg/eclipse/emf/ecore/EObject;Lorg/uqbar/project/wollok/interpreter/context/EvaluationContext;Lorg/eclipse/xtext/xbase/lib/Functions$Function0;)Lorg/uqbar/project/wollok/interpreter/core/WollokObject;+29
j  org.uqbar.project.wollok.interpreter.WollokInterpreter.performOnStack(Lorg/eclipse/emf/ecore/EObject;Lorg/uqbar/project/wollok/interpreter/context/EvaluationContext;Lorg/eclipse/xtext/xbase/lib/Functions$Function0;)Lorg/uqbar/project/wollok/interpreter/core/WollokObject;+7
j  org.uqbar.project.wollok.interpreter.AbstractWollokCallable.call(Lorg/uqbar/project/wollok/wollokDsl/WMethodDeclaration;[Lorg/uqbar/project/wollok/interpreter/core/WollokObject;)Lorg/uqbar/project/wollok/interpreter/core/WollokObject;+38
j  org.uqbar.project.wollok.interpreter.core.WollokObject.call(Ljava/lang/String;[Lorg/uqbar/project/wollok/interpreter/core/WollokObject;)Lorg/uqbar/project/wollok/interpreter/core/WollokObject;+55
j  org.uqbar.project.wollok.interpreter.WollokInterpreterEvaluator._evaluate(Lorg/uqbar/project/wollok/wollokDsl/WFeatureCall;)Lorg/uqbar/project/wollok/interpreter/core/WollokObject;+119
J 3546 C1 org.uqbar.project.wollok.launch.WollokLauncherInterpreterEvaluator.evaluate(Lorg/eclipse/emf/ecore/EObject;)Lorg/uqbar/project/wollok/interpreter/core/WollokObject; (502 bytes) @ 0x0000020dd131b64c [0x0000020dd1317460+0x41ec]
J 3596 C1 org.uqbar.project.wollok.interpreter.WollokInterpreter.eval(Lorg/eclipse/emf/ecore/EObject;)Lorg/uqbar/project/wollok/interpreter/core/WollokObject; (190 bytes) @ 0x0000020dd1352f6c [0x0000020dd1352540+0xa2c]
J 3489 C1 org.uqbar.project.wollok.interpreter.WollokInterpreterEvaluator.eval(Lorg/eclipse/emf/ecore/EObject;)Lorg/uqbar/project/wollok/interpreter/core/WollokObject; (9 bytes) @ 0x0000020dd12e3a14 [0x0000020dd12e3980+0x94]
j  org.uqbar.project.wollok.interpreter.WollokInterpreterEvaluator$1.apply(Lorg/uqbar/project/wollok/interpreter/core/WollokObject;Lorg/eclipse/emf/ecore/EObject;)Lorg/uqbar/project/wollok/interpreter/core/WollokObject;+5
j  org.uqbar.project.wollok.interpreter.WollokInterpreterEvaluator$1.apply(Ljava/lang/Object;Ljava/lang/Object;)Ljava/lang/Object;+9
j  org.eclipse.xtext.xbase.lib.IteratorExtensions.fold(Ljava/util/Iterator;Ljava/lang/Object;Lorg/eclipse/xtext/xbase/lib/Functions$Function2;)Ljava/lang/Object;+19
j  org.eclipse.xtext.xbase.lib.IterableExtensions.fold(Ljava/lang/Iterable;Ljava/lang/Object;Lorg/eclipse/xtext/xbase/lib/Functions$Function2;)Ljava/lang/Object;+8
j  org.uqbar.project.wollok.interpreter.WollokInterpreterEvaluator.evalAll(Ljava/lang/Iterable;)Lorg/uqbar/project/wollok/interpreter/core/WollokObject;+12
j  org.uqbar.project.wollok.interpreter.WollokInterpreterEvaluator._evaluate(Lorg/uqbar/project/wollok/wollokDsl/WBlockExpression;)Lorg/uqbar/project/wollok/interpreter/core/WollokObject;+34
J 3546 C1 org.uqbar.project.wollok.launch.WollokLauncherInterpreterEvaluator.evaluate(Lorg/eclipse/emf/ecore/EObject;)Lorg/uqbar/project/wollok/interpreter/core/WollokObject; (502 bytes) @ 0x0000020dd131eaac [0x0000020dd1317460+0x764c]
J 3596 C1 org.uqbar.project.wollok.interpreter.WollokInterpreter.eval(Lorg/eclipse/emf/ecore/EObject;)Lorg/uqbar/project/wollok/interpreter/core/WollokObject; (190 bytes) @ 0x0000020dd1352f6c [0x0000020dd1352540+0xa2c]
j  org.uqbar.project.wollok.interpreter.AbstractWollokCallable.eval(Lorg/eclipse/emf/ecore/EObject;)Lorg/uqbar/project/wollok/interpreter/core/WollokObject;+5
j  org.uqbar.project.wollok.interpreter.AbstractWollokCallable$1.apply()Lorg/uqbar/project/wollok/interpreter/core/WollokObject;+110
j  org.uqbar.project.wollok.interpreter.AbstractWollokCallable$1.apply()Ljava/lang/Object;+1
j  org.uqbar.project.wollok.interpreter.threads.WThread.performOnStack(Lorg/eclipse/emf/ecore/EObject;Lorg/uqbar/project/wollok/interpreter/context/EvaluationContext;Lorg/eclipse/xtext/xbase/lib/Functions$Function0;)Lorg/uqbar/project/wollok/interpreter/core/WollokObject;+29
j  org.uqbar.project.wollok.interpreter.WollokInterpreter.performOnStack(Lorg/eclipse/emf/ecore/EObject;Lorg/uqbar/project/wollok/interpreter/context/EvaluationContext;Lorg/eclipse/xtext/xbase/lib/Functions$Function0;)Lorg/uqbar/project/wollok/interpreter/core/WollokObject;+7
j  org.uqbar.project.wollok.interpreter.AbstractWollokCallable.call(Lorg/uqbar/project/wollok/wollokDsl/WMethodDeclaration;[Lorg/uqbar/project/wollok/interpreter/core/WollokObject;)Lorg/uqbar/project/wollok/interpreter/core/WollokObject;+38
j  org.uqbar.project.wollok.interpreter.core.WollokObject.call(Ljava/lang/String;[Lorg/uqbar/project/wollok/interpreter/core/WollokObject;)Lorg/uqbar/project/wollok/interpreter/core/WollokObject;+55
j  org.uqbar.project.wollok.interpreter.WollokInterpreterEvaluator._evaluate(Lorg/uqbar/project/wollok/wollokDsl/WFeatureCall;)Lorg/uqbar/project/wollok/interpreter/core/WollokObject;+119
J 3546 C1 org.uqbar.project.wollok.launch.WollokLauncherInterpreterEvaluator.evaluate(Lorg/eclipse/emf/ecore/EObject;)Lorg/uqbar/project/wollok/interpreter/core/WollokObject; (502 bytes) @ 0x0000020dd131b64c [0x0000020dd1317460+0x41ec]
J 3596 C1 org.uqbar.project.wollok.interpreter.WollokInterpreter.eval(Lorg/eclipse/emf/ecore/EObject;)Lorg/uqbar/project/wollok/interpreter/core/WollokObject; (190 bytes) @ 0x0000020dd1352f6c [0x0000020dd1352540+0xa2c]
J 3489 C1 org.uqbar.project.wollok.interpreter.WollokInterpreterEvaluator.eval(Lorg/eclipse/emf/ecore/EObject;)Lorg/uqbar/project/wollok/interpreter/core/WollokObject; (9 bytes) @ 0x0000020dd12e3a14 [0x0000020dd12e3980+0x94]
j  org.uqbar.project.wollok.interpreter.WollokInterpreterEvaluator$1.apply(Lorg/uqbar/project/wollok/interpreter/core/WollokObject;Lorg/eclipse/emf/ecore/EObject;)Lorg/uqbar/project/wollok/interpreter/core/WollokObject;+5
j  org.uqbar.project.wollok.interpreter.WollokInterpreterEvaluator$1.apply(Ljava/lang/Object;Ljava/lang/Object;)Ljava/lang/Object;+9
j  org.eclipse.xtext.xbase.lib.IteratorExtensions.fold(Ljava/util/Iterator;Ljava/lang/Object;Lorg/eclipse/xtext/xbase/lib/Functions$Function2;)Ljava/lang/Object;+19
j  org.eclipse.xtext.xbase.lib.IterableExtensions.fold(Ljava/lang/Iterable;Ljava/lang/Object;Lorg/eclipse/xtext/xbase/lib/Functions$Function2;)Ljava/lang/Object;+8
j  org.uqbar.project.wollok.interpreter.WollokInterpreterEvaluator.evalAll(Ljava/lang/Iterable;)Lorg/uqbar/project/wollok/interpreter/core/WollokObject;+12
j  org.uqbar.project.wollok.interpreter.WollokInterpreterEvaluator._evaluate(Lorg/uqbar/project/wollok/wollokDsl/WProgram;)Lorg/uqbar/project/wollok/interpreter/core/WollokObject;+18
j  org.uqbar.project.wollok.launch.WollokLauncherInterpreterEvaluator.evaluate(Lorg/eclipse/emf/ecore/EObject;)Lorg/uqbar/project/wollok/interpreter/core/WollokObject;+444
j  org.uqbar.project.wollok.interpreter.WollokInterpreterEvaluator.evaluate(Lorg/eclipse/emf/ecore/EObject;)Ljava/lang/Object;+2
j  org.uqbar.project.wollok.interpreter.WollokInterpreter.eval(Lorg/eclipse/emf/ecore/EObject;)Lorg/uqbar/project/wollok/interpreter/core/WollokObject;+63
j  org.uqbar.project.wollok.interpreter.WollokInterpreterEvaluator.eval(Lorg/eclipse/emf/ecore/EObject;)Lorg/uqbar/project/wollok/interpreter/core/WollokObject;+5
j  org.uqbar.project.wollok.launch.WollokLauncherInterpreterEvaluator._evaluate(Lorg/uqbar/project/wollok/wollokDsl/WFile;)Lorg/uqbar/project/wollok/interpreter/core/WollokObject;+32
j  org.uqbar.project.wollok.launch.WollokLauncherInterpreterEvaluator.evaluate(Lorg/eclipse/emf/ecore/EObject;)Lorg/uqbar/project/wollok/interpreter/core/WollokObject;+428
j  org.uqbar.project.wollok.interpreter.WollokInterpreterEvaluator.evaluate(Lorg/eclipse/emf/ecore/EObject;)Ljava/lang/Object;+2
j  org.uqbar.project.wollok.interpreter.WollokInterpreter.interpret(Lorg/eclipse/emf/ecore/EObject;Ljava/lang/Boolean;)Lorg/uqbar/project/wollok/interpreter/core/WollokObject;+25
j  org.uqbar.project.wollok.interpreter.WollokInterpreter.interpret(Lorg/eclipse/emf/ecore/EObject;)Lorg/uqbar/project/wollok/interpreter/core/WollokObject;+8
j  org.uqbar.project.wollok.launch.WollokLauncher.doSomething(Lorg/uqbar/project/wollok/wollokDsl/WFile;Lcom/google/inject/Injector;Ljava/io/File;Lorg/uqbar/project/wollok/launch/WollokLauncherParameters;)V+109
j  org.uqbar.project.wollok.launch.WollokChecker.launch(Ljava/lang/String;Lorg/uqbar/project/wollok/launch/WollokLauncherParameters;)V+31
j  org.uqbar.project.wollok.launch.WollokChecker.doMain([Ljava/lang/String;)V+205
j  org.uqbar.project.wollok.launch.WollokLauncher.main([Ljava/lang/String;)V+8
v  ~StubRoutines::call_stub

---------------  P R O C E S S  ---------------

Java Threads: ( => current thread )
  0x0000020df01dd800 JavaThread "com.google.inject.internal.util.$Finalizer" daemon [_thread_blocked, id=12696, stack(0x000000bfe3600000,0x000000bfe3700000)]
  0x0000020defe13800 JavaThread "EMF Reference Cleaner" daemon [_thread_blocked, id=8832, stack(0x000000bfe3500000,0x000000bfe3600000)]
  0x0000020dee545000 JavaThread "Service Thread" daemon [_thread_blocked, id=13300, stack(0x000000bfe3300000,0x000000bfe3400000)]
  0x0000020dee4b4000 JavaThread "C1 CompilerThread2" daemon [_thread_blocked, id=13920, stack(0x000000bfe3200000,0x000000bfe3300000)]
  0x0000020dee4b0800 JavaThread "C2 CompilerThread1" daemon [_thread_blocked, id=9024, stack(0x000000bfe3100000,0x000000bfe3200000)]
  0x0000020dee4ab000 JavaThread "C2 CompilerThread0" daemon [_thread_blocked, id=10880, stack(0x000000bfe3000000,0x000000bfe3100000)]
  0x0000020dee4aa000 JavaThread "Attach Listener" daemon [_thread_blocked, id=3008, stack(0x000000bfe2f00000,0x000000bfe3000000)]
  0x0000020dee4a9000 JavaThread "Signal Dispatcher" daemon [_thread_blocked, id=14012, stack(0x000000bfe2e00000,0x000000bfe2f00000)]
  0x0000020dee480000 JavaThread "Finalizer" daemon [_thread_blocked, id=14108, stack(0x000000bfe2d00000,0x000000bfe2e00000)]
  0x0000020dee478000 JavaThread "Reference Handler" daemon [_thread_blocked, id=2316, stack(0x000000bfe2c00000,0x000000bfe2d00000)]
=>0x0000020dced7c800 JavaThread "main" [_thread_in_native, id=14740, stack(0x000000bfe2600000,0x000000bfe2700000)]

Other Threads:
  0x0000020dee44e800 VMThread [stack: 0x000000bfe2b00000,0x000000bfe2c00000] [id=10256]
  0x0000020dee548800 WatcherThread [stack: 0x000000bfe3400000,0x000000bfe3500000] [id=2204]

VM state:not at safepoint (normal execution)

VM Mutex/Monitor currently owned by a thread: None

heap address: 0x0000000640a00000, size: 6134 MB, Compressed Oops mode: Zero based, Oop shift amount: 3
Narrow klass base: 0x0000000000000000, Narrow klass shift: 3
Compressed class space size: 1073741824 Address: 0x00000007c0000000

Heap:
 PSYoungGen      total 212992K, used 5128K [0x0000000740380000, 0x000000075a380000, 0x00000007c0000000)
  eden space 196608K, 2% used [0x0000000740380000,0x00000007408821b0,0x000000074c380000)
  from space 16384K, 0% used [0x000000074c380000,0x000000074c380000,0x000000074d380000)
  to   space 16384K, 0% used [0x0000000759380000,0x0000000759380000,0x000000075a380000)
 ParOldGen       total 169984K, used 18817K [0x0000000640a00000, 0x000000064b000000, 0x0000000740380000)
  object space 169984K, 11% used [0x0000000640a00000,0x0000000641c60570,0x000000064b000000)
 Metaspace       used 21593K, capacity 21892K, committed 22016K, reserved 1069056K
  class space    used 2706K, capacity 2802K, committed 2816K, reserved 1048576K

Card table byte_map: [0x0000020ddfbf0000,0x0000020de07f0000] byte_map_base: 0x0000020ddc9eb000

Marking Bits: (ParMarkBitMap*) 0x0000000075ad9030
 Begin Bits: [0x0000020de0ff0000, 0x0000020de6fc8000)
 End Bits:   [0x0000020de6fc8000, 0x0000020decfa0000)

Polling page: 0x0000020dced00000

CodeCache: size=245760Kb used=11669Kb max_used=11690Kb free=234090Kb
 bounds [0x0000020dd0830000, 0x0000020dd13b0000, 0x0000020ddf830000]
 total_blobs=4124 nmethods=3680 adapters=355
 compilation: enabled

Compilation events (10 events):
Event: 2.706 Thread 0x0000020dee4b0800 nmethod 3677 0x0000020dd1397690 code [0x0000020dd1397800, 0x0000020dd1397f48]
Event: 2.707 Thread 0x0000020dee4b4000 3679       3       java.nio.DirectByteBuffer::put (18 bytes)
Event: 2.707 Thread 0x0000020dee4b4000 nmethod 3679 0x0000020dd1396bd0 code [0x0000020dd1396d40, 0x0000020dd1396fb8]
Event: 2.707 Thread 0x0000020dee4b4000 3680       3       java.nio.DirectByteBuffer::ix (10 bytes)
Event: 2.707 Thread 0x0000020dee4b4000 nmethod 3680 0x0000020dd1396890 code [0x0000020dd13969e0, 0x0000020dd1396b38]
Event: 2.708 Thread 0x0000020dee4b4000 3682       3       java.nio.DirectByteBuffer::put (18 bytes)
Event: 2.708 Thread 0x0000020dee4b4000 nmethod 3682 0x0000020dd1396390 code [0x0000020dd1396500, 0x0000020dd1396778]
Event: 2.708 Thread 0x0000020dee4b4000 3683       1       java.nio.DirectByteBuffer::ix (10 bytes)
Event: 2.708 Thread 0x0000020dee4b4000 nmethod 3683 0x0000020dd13960d0 code [0x0000020dd1396220, 0x0000020dd1396338]
Event: 2.747 Thread 0x0000020dee4ab000 nmethod 3678 0x0000020dd139d9d0 code [0x0000020dd139dd60, 0x0000020dd13a0748]

GC Heap History (8 events):
Event: 0.981 GC heap before
{Heap before GC invocations=1 (full 0):
 PSYoungGen      total 114688K, used 98304K [0x0000000740380000, 0x0000000748380000, 0x00000007c0000000)
  eden space 98304K, 100% used [0x0000000740380000,0x0000000746380000,0x0000000746380000)
  from space 16384K, 0% used [0x0000000747380000,0x0000000747380000,0x0000000748380000)
  to   space 16384K, 0% used [0x0000000746380000,0x0000000746380000,0x0000000747380000)
 ParOldGen       total 262144K, used 0K [0x0000000640a00000, 0x0000000650a00000, 0x0000000740380000)
  object space 262144K, 0% used [0x0000000640a00000,0x0000000640a00000,0x0000000650a00000)
 Metaspace       used 11915K, capacity 12020K, committed 12288K, reserved 1060864K
  class space    used 1498K, capacity 1526K, committed 1536K, reserved 1048576K
Event: 0.993 GC heap after
Heap after GC invocations=1 (full 0):
 PSYoungGen      total 114688K, used 16373K [0x0000000740380000, 0x000000074e380000, 0x00000007c0000000)
  eden space 98304K, 0% used [0x0000000740380000,0x0000000740380000,0x0000000746380000)
  from space 16384K, 99% used [0x0000000746380000,0x000000074737d700,0x0000000747380000)
  to   space 16384K, 0% used [0x000000074d380000,0x000000074d380000,0x000000074e380000)
 ParOldGen       total 262144K, used 3167K [0x0000000640a00000, 0x0000000650a00000, 0x0000000740380000)
  object space 262144K, 1% used [0x0000000640a00000,0x0000000640d17c80,0x0000000650a00000)
 Metaspace       used 11915K, capacity 12020K, committed 12288K, reserved 1060864K
  class space    used 1498K, capacity 1526K, committed 1536K, reserved 1048576K
}
Event: 2.243 GC heap before
{Heap before GC invocations=2 (full 0):
 PSYoungGen      total 114688K, used 114677K [0x0000000740380000, 0x000000074e380000, 0x00000007c0000000)
  eden space 98304K, 100% used [0x0000000740380000,0x0000000746380000,0x0000000746380000)
  from space 16384K, 99% used [0x0000000746380000,0x000000074737d700,0x0000000747380000)
  to   space 16384K, 0% used [0x000000074d380000,0x000000074d380000,0x000000074e380000)
 ParOldGen       total 262144K, used 3167K [0x0000000640a00000, 0x0000000650a00000, 0x0000000740380000)
  object space 262144K, 1% used [0x0000000640a00000,0x0000000640d17c80,0x0000000650a00000)
 Metaspace       used 20417K, capacity 20716K, committed 20864K, reserved 1067008K
  class space    used 2586K, capacity 2670K, committed 2688K, reserved 1048576K
Event: 2.265 GC heap after
Heap after GC invocations=2 (full 0):
 PSYoungGen      total 212992K, used 16372K [0x0000000740380000, 0x000000074e380000, 0x00000007c0000000)
  eden space 196608K, 0% used [0x0000000740380000,0x0000000740380000,0x000000074c380000)
  from space 16384K, 99% used [0x000000074d380000,0x000000074e37d1e8,0x000000074e380000)
  to   space 16384K, 0% used [0x000000074c380000,0x000000074c380000,0x000000074d380000)
 ParOldGen       total 262144K, used 11139K [0x0000000640a00000, 0x0000000650a00000, 0x0000000740380000)
  object space 262144K, 4% used [0x0000000640a00000,0x00000006414e0f38,0x0000000650a00000)
 Metaspace       used 20417K, capacity 20716K, committed 20864K, reserved 1067008K
  class space    used 2586K, capacity 2670K, committed 2688K, reserved 1048576K
}
Event: 2.447 GC heap before
{Heap before GC invocations=3 (full 0):
 PSYoungGen      total 212992K, used 56234K [0x0000000740380000, 0x000000074e380000, 0x00000007c0000000)
  eden space 196608K, 20% used [0x0000000740380000,0x0000000742a6d800,0x000000074c380000)
  from space 16384K, 99% used [0x000000074d380000,0x000000074e37d1e8,0x000000074e380000)
  to   space 16384K, 0% used [0x000000074c380000,0x000000074c380000,0x000000074d380000)
 ParOldGen       total 262144K, used 11139K [0x0000000640a00000, 0x0000000650a00000, 0x0000000740380000)
  object space 262144K, 4% used [0x0000000640a00000,0x00000006414e0f38,0x0000000650a00000)
 Metaspace       used 20828K, capacity 21092K, committed 21248K, reserved 1067008K
  class space    used 2620K, capacity 2706K, committed 2816K, reserved 1048576K
Event: 2.459 GC heap after
Heap after GC invocations=3 (full 0):
 PSYoungGen      total 212992K, used 16365K [0x0000000740380000, 0x000000075a380000, 0x00000007c0000000)
  eden space 196608K, 0% used [0x0000000740380000,0x0000000740380000,0x000000074c380000)
  from space 16384K, 99% used [0x000000074c380000,0x000000074d37b6f8,0x000000074d380000)
  to   space 16384K, 0% used [0x0000000759380000,0x0000000759380000,0x000000075a380000)
 ParOldGen       total 262144K, used 11524K [0x0000000640a00000, 0x0000000650a00000, 0x0000000740380000)
  object space 262144K, 4% used [0x0000000640a00000,0x00000006415412d8,0x0000000650a00000)
 Metaspace       used 20828K, capacity 21092K, committed 21248K, reserved 1067008K
  class space    used 2620K, capacity 2706K, committed 2816K, reserved 1048576K
}
Event: 2.459 GC heap before
{Heap before GC invocations=4 (full 1):
 PSYoungGen      total 212992K, used 16365K [0x0000000740380000, 0x000000075a380000, 0x00000007c0000000)
  eden space 196608K, 0% used [0x0000000740380000,0x0000000740380000,0x000000074c380000)
  from space 16384K, 99% used [0x000000074c380000,0x000000074d37b6f8,0x000000074d380000)
  to   space 16384K, 0% used [0x0000000759380000,0x0000000759380000,0x000000075a380000)
 ParOldGen       total 262144K, used 11524K [0x0000000640a00000, 0x0000000650a00000, 0x0000000740380000)
  object space 262144K, 4% used [0x0000000640a00000,0x00000006415412d8,0x0000000650a00000)
 Metaspace       used 20828K, capacity 21092K, committed 21248K, reserved 1067008K
  class space    used 2620K, capacity 2706K, committed 2816K, reserved 1048576K
Event: 2.512 GC heap after
Heap after GC invocations=4 (full 1):
 PSYoungGen      total 212992K, used 0K [0x0000000740380000, 0x000000075a380000, 0x00000007c0000000)
  eden space 196608K, 0% used [0x0000000740380000,0x0000000740380000,0x000000074c380000)
  from space 16384K, 0% used [0x000000074c380000,0x000000074c380000,0x000000074d380000)
  to   space 16384K, 0% used [0x0000000759380000,0x0000000759380000,0x000000075a380000)
 ParOldGen       total 169984K, used 18817K [0x0000000640a00000, 0x000000064b000000, 0x0000000740380000)
  object space 169984K, 11% used [0x0000000640a00000,0x0000000641c60570,0x000000064b000000)
 Metaspace       used 20828K, capacity 21092K, committed 21248K, reserved 1067008K
  class space    used 2620K, capacity 2706K, committed 2816K, reserved 1048576K
}

Deoptimization events (10 events):
Event: 1.876 Thread 0x0000020dced7c800 Uncommon trap: reason=unstable_if action=reinterpret pc=0x0000020dd107f2ec method=org.eclipse.emf.common.notify.impl.BasicNotifierImpl$EAdapterList.data()[Ljava/lang/Object; @ 16
Event: 1.879 Thread 0x0000020dced7c800 Uncommon trap: reason=class_check action=maybe_recompile pc=0x0000020dd0fd310c method=org.eclipse.xtext.nodemodel.impl.NodeModelBuilder.addChild(Lorg/eclipse/xtext/nodemodel/ICompositeNode;Lorg/eclipse/xtext/nodemodel/impl/AbstractNode;)V @ 6
Event: 1.885 Thread 0x0000020dced7c800 Uncommon trap: reason=unstable_if action=reinterpret pc=0x0000020dd1122c58 method=org.eclipse.emf.common.notify.impl.BasicNotifierImpl$EAdapterList.getAdapterForType(Ljava/lang/Object;)Lorg/eclipse/emf/common/notify/Adapter; @ 50
Event: 1.901 Thread 0x0000020dced7c800 Uncommon trap: reason=unstable_if action=reinterpret pc=0x0000020dd111f85c method=org.eclipse.emf.common.notify.impl.BasicNotifierImpl$EAdapterList.getAdapterForType(Ljava/lang/Object;)Lorg/eclipse/emf/common/notify/Adapter; @ 50
Event: 1.901 Thread 0x0000020dced7c800 Uncommon trap: reason=unstable_if action=reinterpret pc=0x0000020dd111de24 method=org.eclipse.emf.common.notify.impl.BasicNotifierImpl$EAdapterList.data()[Ljava/lang/Object; @ 16
Event: 1.947 Thread 0x0000020dced7c800 Uncommon trap: reason=unstable_if action=reinterpret pc=0x0000020dd0d7ae54 method=java.util.concurrent.ConcurrentHashMap.putVal(Ljava/lang/Object;Ljava/lang/Object;Z)Ljava/lang/Object; @ 181
Event: 1.971 Thread 0x0000020dced7c800 Uncommon trap: reason=class_check action=maybe_recompile pc=0x0000020dd0f6ee54 method=org.eclipse.xtext.nodemodel.impl.NodeModelBuilder.addChild(Lorg/eclipse/xtext/nodemodel/ICompositeNode;Lorg/eclipse/xtext/nodemodel/impl/AbstractNode;)V @ 6
Event: 2.298 Thread 0x0000020dced7c800 Uncommon trap: reason=unstable_if action=reinterpret pc=0x0000020dd123fe7c method=org.eclipse.xtext.nodemodel.impl.CompositeNode.getGrammarElement()Lorg/eclipse/emf/ecore/EObject; @ 9
Event: 2.524 Thread 0x0000020dced7c800 Uncommon trap: reason=unstable_if action=reinterpret pc=0x0000020dd0b8ecd0 method=java.io.WinNTFileSystem.normalize(Ljava/lang/String;)Ljava/lang/String; @ 49
Event: 2.692 Thread 0x0000020dced7c800 Uncommon trap: reason=unstable_if action=reinterpret pc=0x0000020dd0a232d8 method=sun.nio.cs.UTF_8$Encoder.encode([CII[B)I @ 33

Classes redefined (0 events):
No events

Internal exceptions (10 events):
Event: 2.050 Thread 0x0000020dced7c800 Exception <a 'java/lang/reflect/InvocationTargetException'> (0x0000000744ff0458) thrown at [C:\jenkins\workspace\8-2-build-windows-amd64-cygwin\jdk8u321\2141\hotspot\src\share\vm\runtime\reflection.cpp, line 1092]
Event: 2.050 Thread 0x0000020dced7c800 Exception <a 'java/lang/reflect/InvocationTargetException'> (0x0000000744ffea60) thrown at [C:\jenkins\workspace\8-2-build-windows-amd64-cygwin\jdk8u321\2141\hotspot\src\share\vm\runtime\reflection.cpp, line 1092]
Event: 2.119 Thread 0x0000020dced7c800 Exception <a 'java/lang/reflect/InvocationTargetException'> (0x00000007456ac780) thrown at [C:\jenkins\workspace\8-2-build-windows-amd64-cygwin\jdk8u321\2141\hotspot\src\share\vm\runtime\reflection.cpp, line 1092]
Event: 2.120 Thread 0x0000020dced7c800 Exception <a 'java/lang/reflect/InvocationTargetException'> (0x00000007456cb8c8) thrown at [C:\jenkins\workspace\8-2-build-windows-amd64-cygwin\jdk8u321\2141\hotspot\src\share\vm\runtime\reflection.cpp, line 1092]
Event: 2.713 Thread 0x0000020dced7c800 Exception <a 'java/security/PrivilegedActionException'> (0x00000007406363e0) thrown at [C:\jenkins\workspace\8-2-build-windows-amd64-cygwin\jdk8u321\2141\hotspot\src\share\vm\prims\jvm.cpp, line 1523]
Event: 2.713 Thread 0x0000020dced7c800 Exception <a 'java/security/PrivilegedActionException'> (0x0000000740637910) thrown at [C:\jenkins\workspace\8-2-build-windows-amd64-cygwin\jdk8u321\2141\hotspot\src\share\vm\prims\jvm.cpp, line 1523]
Event: 2.713 Thread 0x0000020dced7c800 Exception <a 'java/security/PrivilegedActionException'> (0x0000000740638d40) thrown at [C:\jenkins\workspace\8-2-build-windows-amd64-cygwin\jdk8u321\2141\hotspot\src\share\vm\prims\jvm.cpp, line 1523]
Event: 2.713 Thread 0x0000020dced7c800 Exception <a 'java/security/PrivilegedActionException'> (0x000000074063a400) thrown at [C:\jenkins\workspace\8-2-build-windows-amd64-cygwin\jdk8u321\2141\hotspot\src\share\vm\prims\jvm.cpp, line 1523]
Event: 2.713 Thread 0x0000020dced7c800 Exception <a 'java/security/PrivilegedActionException'> (0x000000074063b7f8) thrown at [C:\jenkins\workspace\8-2-build-windows-amd64-cygwin\jdk8u321\2141\hotspot\src\share\vm\prims\jvm.cpp, line 1523]
Event: 2.713 Thread 0x0000020dced7c800 Exception <a 'java/security/PrivilegedActionException'> (0x000000074063cbc0) thrown at [C:\jenkins\workspace\8-2-build-windows-amd64-cygwin\jdk8u321\2141\hotspot\src\share\vm\prims\jvm.cpp, line 1523]

Events (10 events):
Event: 2.737 loading class org/lwjgl/openal/ALCdevice
Event: 2.737 loading class org/lwjgl/openal/ALCdevice done
Event: 2.738 loading class org/lwjgl/openal/ALCcontext
Event: 2.738 loading class org/lwjgl/openal/ALCcontext done
Event: 2.739 loading class java/nio/DirectIntBufferU
Event: 2.739 loading class java/nio/DirectIntBufferU done
Event: 2.740 loading class org/lwjgl/openal/Util
Event: 2.740 loading class org/lwjgl/openal/Util done
Event: 2.740 loading class org/lwjgl/openal/OpenALException
Event: 2.740 loading class org/lwjgl/openal/OpenALException done


Dynamic libraries:
0x00007ff745000000 - 0x00007ff745047000 	C:\Program Files\Java\jdk1.8.0_321\bin\javaw.exe
0x00007ffae6a40000 - 0x00007ffae6c49000 	C:\WINDOWS\SYSTEM32\ntdll.dll
0x00007ffae6480000 - 0x00007ffae653d000 	C:\WINDOWS\System32\KERNEL32.DLL
0x00007ffae4260000 - 0x00007ffae45d9000 	C:\WINDOWS\System32\KERNELBASE.dll
0x00007ffae6800000 - 0x00007ffae68ae000 	C:\WINDOWS\System32\ADVAPI32.dll
0x00007ffae4940000 - 0x00007ffae49e3000 	C:\WINDOWS\System32\msvcrt.dll
0x00007ffae65b0000 - 0x00007ffae664e000 	C:\WINDOWS\System32\sechost.dll
0x00007ffae66e0000 - 0x00007ffae6800000 	C:\WINDOWS\System32\RPCRT4.dll
0x00007ffae5230000 - 0x00007ffae53dc000 	C:\WINDOWS\System32\USER32.dll
0x00007ffae4230000 - 0x00007ffae4256000 	C:\WINDOWS\System32\win32u.dll
0x00007ffae6650000 - 0x00007ffae6679000 	C:\WINDOWS\System32\GDI32.dll
0x00007ffae45e0000 - 0x00007ffae46f2000 	C:\WINDOWS\System32\gdi32full.dll
0x00007ffae3f30000 - 0x00007ffae3fcd000 	C:\WINDOWS\System32\msvcp_win.dll
0x00007ffae3fd0000 - 0x00007ffae40e1000 	C:\WINDOWS\System32\ucrtbase.dll
0x00007fface8d0000 - 0x00007ffaceb75000 	C:\WINDOWS\WinSxS\amd64_microsoft.windows.common-controls_6595b64144ccf1df_6.0.22000.120_none_9d947278b86cc467\COMCTL32.dll
0x00007ffae6440000 - 0x00007ffae6471000 	C:\WINDOWS\System32\IMM32.DLL
0x00007ffadefe0000 - 0x00007ffadeff5000 	C:\Program Files\Java\jdk1.8.0_321\jre\bin\vcruntime140.dll
0x00007ffabf570000 - 0x00007ffabf60b000 	C:\Program Files\Java\jdk1.8.0_321\jre\bin\msvcp140.dll
0x00000000752f0000 - 0x0000000075b51000 	C:\Program Files\Java\jdk1.8.0_321\jre\bin\server\jvm.dll
0x00007ffae69f0000 - 0x00007ffae69f8000 	C:\WINDOWS\System32\PSAPI.DLL
0x00007ffadfb30000 - 0x00007ffadfb39000 	C:\WINDOWS\SYSTEM32\WSOCK32.dll
0x00007ffae4b00000 - 0x00007ffae4b6f000 	C:\WINDOWS\System32\WS2_32.dll
0x00007ffadda80000 - 0x00007ffaddab3000 	C:\WINDOWS\SYSTEM32\WINMM.dll
0x00007ffadb490000 - 0x00007ffadb49a000 	C:\WINDOWS\SYSTEM32\VERSION.dll
0x00007ffae30e0000 - 0x00007ffae30f8000 	C:\WINDOWS\SYSTEM32\kernel.appcore.dll
0x00007ffadd080000 - 0x00007ffadd090000 	C:\Program Files\Java\jdk1.8.0_321\jre\bin\verify.dll
0x00007ffad0a30000 - 0x00007ffad0a5b000 	C:\Program Files\Java\jdk1.8.0_321\jre\bin\java.dll
0x00007ffaceed0000 - 0x00007ffaceee8000 	C:\Program Files\Java\jdk1.8.0_321\jre\bin\zip.dll
0x00007ffae55b0000 - 0x00007ffae5d5f000 	C:\WINDOWS\System32\SHELL32.dll
0x00007ffae2060000 - 0x00007ffae28c8000 	C:\WINDOWS\SYSTEM32\windows.storage.dll
0x00007ffae5d60000 - 0x00007ffae60d8000 	C:\WINDOWS\System32\combase.dll
0x00007ffae1ef0000 - 0x00007ffae2056000 	C:\WINDOWS\SYSTEM32\wintypes.dll
0x00007ffae4a10000 - 0x00007ffae4afa000 	C:\WINDOWS\System32\SHCORE.dll
0x00007ffae48e0000 - 0x00007ffae493d000 	C:\WINDOWS\System32\shlwapi.dll
0x00007ffae3e60000 - 0x00007ffae3e81000 	C:\WINDOWS\SYSTEM32\profapi.dll
0x0000000065580000 - 0x0000000065616000 	C:\Users\charl\AppData\Local\Temp\libgdxcharl\12dfaa03\gdx64.dll
0x00007ffae37d0000 - 0x00007ffae37e8000 	C:\WINDOWS\SYSTEM32\CRYPTSP.dll
0x00007ffae3040000 - 0x00007ffae3075000 	C:\WINDOWS\system32\rsaenh.dll
0x00007ffae35a0000 - 0x00007ffae35c9000 	C:\WINDOWS\SYSTEM32\USERENV.dll
0x00007ffae3910000 - 0x00007ffae3937000 	C:\WINDOWS\SYSTEM32\bcrypt.dll
0x00007ffae40f0000 - 0x00007ffae416f000 	C:\WINDOWS\System32\bcryptprimitives.dll
0x00007ffae36f0000 - 0x00007ffae36fc000 	C:\WINDOWS\SYSTEM32\CRYPTBASE.dll
0x00007fface3a0000 - 0x00007fface3bc000 	C:\Program Files\Java\jdk1.8.0_321\jre\bin\net.dll
0x00007ffae3500000 - 0x00007ffae3567000 	C:\WINDOWS\system32\mswsock.dll
0x00007ffae2b10000 - 0x00007ffae2b3d000 	C:\WINDOWS\SYSTEM32\IPHLPAPI.DLL
0x00007ffae60e0000 - 0x00007ffae60e9000 	C:\WINDOWS\System32\NSI.dll
0x00007ffadb470000 - 0x00007ffadb489000 	C:\WINDOWS\SYSTEM32\dhcpcsvc6.DLL
0x00007ffadbf30000 - 0x00007ffadbf4e000 	C:\WINDOWS\SYSTEM32\dhcpcsvc.DLL
0x00007ffae2b40000 - 0x00007ffae2c28000 	C:\WINDOWS\SYSTEM32\DNSAPI.dll
0x00007ffaca5e0000 - 0x00007ffaca5f3000 	C:\Program Files\Java\jdk1.8.0_321\jre\bin\nio.dll
0x0000000180000000 - 0x0000000180053000 	C:\Users\charl\AppData\Local\Temp\libgdxcharl\dc0f0009\lwjgl64.dll
0x00007ffa96550000 - 0x00007ffa96651000 	C:\WINDOWS\SYSTEM32\OPENGL32.dll
0x00007ffaca5b0000 - 0x00007ffaca5dd000 	C:\WINDOWS\SYSTEM32\GLU32.dll
0x00007ffae13d0000 - 0x00007ffae1408000 	C:\WINDOWS\SYSTEM32\dxcore.dll
0x0000020df3000000 - 0x0000020df3064000 	C:\Users\charl\AppData\Local\Temp\libgdxcharl\dc0f0009\OpenAL64.dll
0x00007ffae4b70000 - 0x00007ffae4d0a000 	C:\WINDOWS\System32\ole32.dll
0x00007ffae12b0000 - 0x00007ffae135c000 	C:\WINDOWS\system32\uxtheme.dll
0x00007ffae5180000 - 0x00007ffae522f000 	C:\WINDOWS\System32\clbcatq.dll
0x00007ffaa5780000 - 0x00007ffaa5822000 	C:\WINDOWS\SYSTEM32\dsound.dll
0x00007ffaa3570000 - 0x00007ffaa3621000 	C:\WINDOWS\SYSTEM32\ResampleDmo.DLL
0x00007ffae2c60000 - 0x00007ffae2cad000 	C:\WINDOWS\SYSTEM32\powrprof.dll
0x00007ffae60f0000 - 0x00007ffae61c6000 	C:\WINDOWS\System32\OLEAUT32.dll
0x00007ffad42b0000 - 0x00007ffad42d9000 	C:\WINDOWS\SYSTEM32\winmmbase.dll
0x00007ffae10e0000 - 0x00007ffae10eb000 	C:\WINDOWS\SYSTEM32\msdmo.dll
0x00007ffae2c40000 - 0x00007ffae2c53000 	C:\WINDOWS\SYSTEM32\UMPDC.dll
0x00007ffada770000 - 0x00007ffada80c000 	C:\WINDOWS\System32\MMDevApi.dll
0x00007ffae3c60000 - 0x00007ffae3c8c000 	C:\WINDOWS\System32\DEVOBJ.dll
0x00007ffae3c10000 - 0x00007ffae3c5c000 	C:\WINDOWS\System32\CFGMGR32.dll
0x00007ffad4320000 - 0x00007ffad44f5000 	C:\WINDOWS\SYSTEM32\AUDIOSES.DLL
0x00007ffad0250000 - 0x00007ffad0471000 	C:\WINDOWS\SYSTEM32\dbghelp.dll

VM Arguments:
jvm_args: -Duser.language=es_ES -Dfile.encoding=UTF-8 
java_command: org.uqbar.project.wollok.launch.WollokLauncher -requestsPort 0 -eventsPort 0 -folder -dontValidate -wf src/iniciarJuego.wpgm -darkMode
java_class_path (initial): D:\carlos\ProyectosGitHub\Wollok\WarriorGames\bin;D:\carlos\pdep\wollok-win32.win32.x86_64\plugins\com.ibm.icu_64.2.0.v20190507-1337.jar;D:\carlos\pdep\wollok-win32.win32.x86_64\plugins\org.eclipse.xtext_2.20.0.v20191202-0915.jar;D:\carlos\pdep\wollok-win32.win32.x86_64\plugins\org.eclipse.emf.ecore.xmi_2.16.0.v20190528-0725.jar;D:\carlos\pdep\wollok-win32.win32.x86_64\plugins\org.eclipse.emf.ecore_2.20.0.v20190920-0401.jar;D:\carlos\pdep\wollok-win32.win32.x86_64\plugins\org.eclipse.emf.common_2.17.0.v20190920-0401.jar;D:\carlos\pdep\wollok-win32.win32.x86_64\plugins\org.antlr.runtime_3.2.0.v201101311130.jar;D:\carlos\pdep\wollok-win32.win32.x86_64\plugins\com.google.inject_3.0.0.v201605172100.jar;D:\carlos\pdep\wollok-win32.win32.x86_64\plugins\org.eclipse.emf.mwe.core_1.5.1.v20191121-1148.jar;D:\carlos\pdep\wollok-win32.win32.x86_64\plugins\org.apache.commons.cli_1.2.0.v201404270220.jar;D:\carlos\pdep\wollok-win32.win32.x86_64\plugins\org.eclipse.emf.mwe2.runtime_2.11.1.v20191121-1148.jar;D:\carlos\pdep\wollok-win32.win32.x86_64\plugins\org.eclipse.emf.mwe.utils_1.5.1.v20191121-1148.jar;D:\carlos\pdep\wollok-win32.win32.x86_64\plugins\org.eclipse.xtext.util_2.20.0.v20191202-0915.jar;D:\carlos\pdep\wollok-win32.win32.x86_64\plugins\com.google.guava_27.1.0.v20190517-1946.jar;D:\carlos\pdep\wollok-win32.win32.x86_64\plugins\javax.inject_1.0.0.v20091030.jar;D:\carlos\pdep\wollok-win32.win32.x86_64\plugins\org.eclipse.xtext.generator_2.20.0.v20191202-0933.jar;D:\carlos\pdep\wollok-win32.win32.x86_64\plugins\org.eclipse.xtext.xtext.generator_2.20.0.v20191202-0915.jar;D:\carlos\pdep\wollok-win32.win32.x86_64\plugins\org.eclipse.xtext.xbase.lib_2.20.0.v20191202-0907.jar;D:\carlos\pdep\wollok-win32.win32.x86_64\plugins\org.eclipse.emf.codegen.ecore_2.20.0.v20191012-0918.jar;D:\carlos\pdep\wollok-win32.win32.x86_64\plugins\org.eclipse.emf.codegen_2.19.0.v20190821-1536.jar;D:\carlos\pdep\wollok-win32.win32.x86_64\plugins\org.eclipse.xtend_2.2.0.
Launcher Type: SUN_STANDARD

Environment Variables:
JAVA_HOME=C:\Program Files\Java\jdk1.8.0_281
USERNAME=charl
OS=Windows_NT
PROCESSOR_IDENTIFIER=Intel64 Family 6 Model 158 Stepping 9, GenuineIntel



---------------  S Y S T E M  ---------------

OS: Windows 11 , 64 bit Build 22000 (10.0.22000.675)

CPU:total 4 (initial active 4) (4 cores per cpu, 1 threads per core) family 6 model 158 stepping 9, cmov, cx8, fxsr, mmx, sse, sse2, sse3, ssse3, sse4.1, sse4.2, popcnt, avx, avx2, aes, clmul, erms, rtm, 3dnowpref, lzcnt, tsc, tscinvbit, bmi1, bmi2, adx

Memory: 4k page, physical 25123740k(18602540k free), swap 28793756k(18929328k free)

vm_info: Java HotSpot(TM) 64-Bit Server VM (25.321-b07) for windows-amd64 JRE (1.8.0_321-b07), built on Dec 15 2021 11:19:20 by "java_re" with MS VC++ 15.9 (VS2017)

time: Mon Jun 13 22:18:48 2022
timezone: Hora estándar de Argentina
elapsed time: 2.833088 seconds (0d 0h 0m 2s)

