#
# A fatal error has been detected by the Java Runtime Environment:
#
#  EXCEPTION_ACCESS_VIOLATION (0xc0000005) at pc=0x000001afb0791066, pid=9200, tid=6016
#
# JRE version: OpenJDK Runtime Environment Temurin-17.0.2+8 (17.0.2+8) (build 17.0.2+8)
# Java VM: OpenJDK 64-Bit Server VM Temurin-17.0.2+8 (17.0.2+8, mixed mode, sharing, tiered, compressed oops, compressed class ptrs, g1 gc, windows-amd64)
# Problematic frame:
# C  [OpenAL64.dll+0x11066]
#
# No core dump will be written. Minidumps are not enabled by default on client versions of Windows
#
# If you would like to submit a bug report, please visit:
#   https://github.com/adoptium/adoptium-support/issues
# The crash happened outside the Java Virtual Machine in native code.
# See problematic frame for where to report the bug.
#

---------------  S U M M A R Y ------------

Command Line: -Duser.language=es_ES -Dfile.encoding=UTF-8 org.uqbar.project.wollok.launch.WollokLauncher -requestsPort 0 -eventsPort 0 -folder -dontValidate -wf src/juego.wpgm -darkMode

Host: Intel(R) Core(TM) i5-7600 CPU @ 3.50GHz, 4 cores, 23G,  Windows 11 , 64 bit Build 22000 (10.0.22000.613)
Time: Fri Apr 29 17:41:51 2022 Hora estándar de Argentina elapsed time: 1.994336 seconds (0d 0h 0m 1s)

---------------  T H R E A D  ---------------

Current thread (0x000001af89132360):  JavaThread "main" [_thread_in_native, id=6016, stack(0x00000043cdd00000,0x00000043cde00000)]

Stack: [0x00000043cdd00000,0x00000043cde00000],  sp=0x00000043cddfbfe0,  free space=1007k
Native frames: (J=compiled Java code, j=interpreted, Vv=VM code, C=native code)
C  [OpenAL64.dll+0x11066]

Java frames: (J=compiled Java code, j=interpreted, Vv=VM code)
j  org.lwjgl.openal.ALC10.nalcCreateContext(JJ)J+0
j  org.lwjgl.openal.ALC10.alcCreateContext(Lorg/lwjgl/openal/ALCdevice;Ljava/nio/IntBuffer;)Lorg/lwjgl/openal/ALCcontext;+8
j  org.lwjgl.openal.AL.init(Ljava/lang/String;IIZZ)V+69
j  org.lwjgl.openal.AL.create(Ljava/lang/String;IIZZ)V+246
j  org.lwjgl.openal.AL.create(Ljava/lang/String;IIZ)V+5
j  org.lwjgl.openal.AL.create()V+6
j  com.badlogic.gdx.backends.lwjgl.audio.OpenALAudio.<init>(III)V+114
j  com.badlogic.gdx.backends.lwjgl.LwjglApplication.<init>(Lcom/badlogic/gdx/ApplicationListener;Lcom/badlogic/gdx/backends/lwjgl/LwjglApplicationConfiguration;Lcom/badlogic/gdx/backends/lwjgl/LwjglGraphics;)V+120
j  com.badlogic.gdx.backends.lwjgl.LwjglApplication.<init>(Lcom/badlogic/gdx/ApplicationListener;Lcom/badlogic/gdx/backends/lwjgl/LwjglApplicationConfiguration;)V+11
j  org.uqbar.project.wollok.game.gameboard.WollokGDXApplication.<init>(Lorg/uqbar/project/wollok/game/gameboard/Gameboard;Ljava/lang/Boolean;)V+17
j  org.uqbar.project.wollok.game.helpers.Application.start(Lorg/uqbar/project/wollok/game/gameboard/Gameboard;Ljava/lang/Boolean;)V+5
j  org.uqbar.project.wollok.game.gameboard.Gameboard.start(Ljava/lang/Boolean;)V+13
j  wollok.game.GameObject.doStart(Ljava/lang/Boolean;)V+12
v  ~StubRoutines::call_stub
J 3507  jdk.internal.reflect.NativeMethodAccessorImpl.invoke0(Ljava/lang/reflect/Method;Ljava/lang/Object;[Ljava/lang/Object;)Ljava/lang/Object; java.base@17.0.2 (0 bytes) @ 0x000001af9882d1a7 [0x000001af9882d120+0x0000000000000087]
J 3506 c1 jdk.internal.reflect.NativeMethodAccessorImpl.invoke(Ljava/lang/Object;[Ljava/lang/Object;)Ljava/lang/Object; java.base@17.0.2 (137 bytes) @ 0x000001af917edf6c [0x000001af917edc00+0x000000000000036c]
J 2722 c1 jdk.internal.reflect.DelegatingMethodAccessorImpl.invoke(Ljava/lang/Object;[Ljava/lang/Object;)Ljava/lang/Object; java.base@17.0.2 (10 bytes) @ 0x000001af916db0cc [0x000001af916dafc0+0x000000000000010c]
J 2721 c1 java.lang.reflect.Method.invoke(Ljava/lang/Object;[Ljava/lang/Object;)Ljava/lang/Object; java.base@17.0.2 (65 bytes) @ 0x000001af916d8644 [0x000001af916d8300+0x0000000000000344]
j  org.uqbar.project.wollok.ui.utils.XTendUtilExtensions.invokeConvertingArgs(Ljava/lang/reflect/Method;Ljava/lang/Object;[Ljava/lang/Object;)Lorg/uqbar/project/wollok/interpreter/core/WollokObject;+261
j  org.uqbar.project.wollok.interpreter.AbstractWollokCallable._invokeNative(Ljava/lang/Object;Ljava/lang/String;[Lorg/uqbar/project/wollok/interpreter/core/WollokObject;)Lorg/uqbar/project/wollok/interpreter/core/WollokObject;+41
j  org.uqbar.project.wollok.interpreter.AbstractWollokCallable.invokeNative(Ljava/lang/Object;Ljava/lang/String;[Lorg/uqbar/project/wollok/interpreter/core/WollokObject;)Lorg/uqbar/project/wollok/interpreter/core/WollokObject;+26
j  org.uqbar.project.wollok.interpreter.AbstractWollokCallable$1.apply()Lorg/uqbar/project/wollok/interpreter/core/WollokObject;+55
j  org.uqbar.project.wollok.interpreter.AbstractWollokCallable$1.apply()Ljava/lang/Object;+1
j  org.uqbar.project.wollok.interpreter.threads.WThread.performOnStack(Lorg/eclipse/emf/ecore/EObject;Lorg/uqbar/project/wollok/interpreter/context/EvaluationContext;Lorg/eclipse/xtext/xbase/lib/Functions$Function0;)Lorg/uqbar/project/wollok/interpreter/core/WollokObject;+29
j  org.uqbar.project.wollok.interpreter.WollokInterpreter.performOnStack(Lorg/eclipse/emf/ecore/EObject;Lorg/uqbar/project/wollok/interpreter/context/EvaluationContext;Lorg/eclipse/xtext/xbase/lib/Functions$Function0;)Lorg/uqbar/project/wollok/interpreter/core/WollokObject;+7
j  org.uqbar.project.wollok.interpreter.AbstractWollokCallable.call(Lorg/uqbar/project/wollok/wollokDsl/WMethodDeclaration;[Lorg/uqbar/project/wollok/interpreter/core/WollokObject;)Lorg/uqbar/project/wollok/interpreter/core/WollokObject;+38
j  org.uqbar.project.wollok.interpreter.core.WollokObject.call(Ljava/lang/String;[Lorg/uqbar/project/wollok/interpreter/core/WollokObject;)Lorg/uqbar/project/wollok/interpreter/core/WollokObject;+55
j  org.uqbar.project.wollok.interpreter.WollokInterpreterEvaluator._evaluate(Lorg/uqbar/project/wollok/wollokDsl/WFeatureCall;)Lorg/uqbar/project/wollok/interpreter/core/WollokObject;+119
J 3524 c1 org.uqbar.project.wollok.launch.WollokLauncherInterpreterEvaluator.evaluate(Lorg/eclipse/emf/ecore/EObject;)Lorg/uqbar/project/wollok/interpreter/core/WollokObject; (502 bytes) @ 0x000001af917f693c [0x000001af917f57c0+0x000000000000117c]
J 3455 c1 org.uqbar.project.wollok.interpreter.WollokInterpreterEvaluator.evaluate(Lorg/eclipse/emf/ecore/EObject;)Ljava/lang/Object; (6 bytes) @ 0x000001af917dcf04 [0x000001af917dcea0+0x0000000000000064]
j  org.uqbar.project.wollok.interpreter.WollokInterpreter.eval(Lorg/eclipse/emf/ecore/EObject;)Lorg/uqbar/project/wollok/interpreter/core/WollokObject;+63
J 3504 c1 org.uqbar.project.wollok.interpreter.WollokInterpreterEvaluator.eval(Lorg/eclipse/emf/ecore/EObject;)Lorg/uqbar/project/wollok/interpreter/core/WollokObject; (9 bytes) @ 0x000001af917ed484 [0x000001af917ed420+0x0000000000000064]
j  org.uqbar.project.wollok.interpreter.WollokInterpreterEvaluator$1.apply(Lorg/uqbar/project/wollok/interpreter/core/WollokObject;Lorg/eclipse/emf/ecore/EObject;)Lorg/uqbar/project/wollok/interpreter/core/WollokObject;+5
j  org.uqbar.project.wollok.interpreter.WollokInterpreterEvaluator$1.apply(Ljava/lang/Object;Ljava/lang/Object;)Ljava/lang/Object;+9
j  org.eclipse.xtext.xbase.lib.IteratorExtensions.fold(Ljava/util/Iterator;Ljava/lang/Object;Lorg/eclipse/xtext/xbase/lib/Functions$Function2;)Ljava/lang/Object;+19
j  org.eclipse.xtext.xbase.lib.IterableExtensions.fold(Ljava/lang/Iterable;Ljava/lang/Object;Lorg/eclipse/xtext/xbase/lib/Functions$Function2;)Ljava/lang/Object;+8
j  org.uqbar.project.wollok.interpreter.WollokInterpreterEvaluator.evalAll(Ljava/lang/Iterable;)Lorg/uqbar/project/wollok/interpreter/core/WollokObject;+12
j  org.uqbar.project.wollok.interpreter.WollokInterpreterEvaluator._evaluate(Lorg/uqbar/project/wollok/wollokDsl/WBlockExpression;)Lorg/uqbar/project/wollok/interpreter/core/WollokObject;+34
J 3524 c1 org.uqbar.project.wollok.launch.WollokLauncherInterpreterEvaluator.evaluate(Lorg/eclipse/emf/ecore/EObject;)Lorg/uqbar/project/wollok/interpreter/core/WollokObject; (502 bytes) @ 0x000001af917f735c [0x000001af917f57c0+0x0000000000001b9c]
J 3455 c1 org.uqbar.project.wollok.interpreter.WollokInterpreterEvaluator.evaluate(Lorg/eclipse/emf/ecore/EObject;)Ljava/lang/Object; (6 bytes) @ 0x000001af917dcf04 [0x000001af917dcea0+0x0000000000000064]
j  org.uqbar.project.wollok.interpreter.WollokInterpreter.eval(Lorg/eclipse/emf/ecore/EObject;)Lorg/uqbar/project/wollok/interpreter/core/WollokObject;+63
j  org.uqbar.project.wollok.interpreter.AbstractWollokCallable.eval(Lorg/eclipse/emf/ecore/EObject;)Lorg/uqbar/project/wollok/interpreter/core/WollokObject;+5
j  org.uqbar.project.wollok.interpreter.AbstractWollokCallable$1.apply()Lorg/uqbar/project/wollok/interpreter/core/WollokObject;+110
j  org.uqbar.project.wollok.interpreter.AbstractWollokCallable$1.apply()Ljava/lang/Object;+1
j  org.uqbar.project.wollok.interpreter.threads.WThread.performOnStack(Lorg/eclipse/emf/ecore/EObject;Lorg/uqbar/project/wollok/interpreter/context/EvaluationContext;Lorg/eclipse/xtext/xbase/lib/Functions$Function0;)Lorg/uqbar/project/wollok/interpreter/core/WollokObject;+29
j  org.uqbar.project.wollok.interpreter.WollokInterpreter.performOnStack(Lorg/eclipse/emf/ecore/EObject;Lorg/uqbar/project/wollok/interpreter/context/EvaluationContext;Lorg/eclipse/xtext/xbase/lib/Functions$Function0;)Lorg/uqbar/project/wollok/interpreter/core/WollokObject;+7
j  org.uqbar.project.wollok.interpreter.AbstractWollokCallable.call(Lorg/uqbar/project/wollok/wollokDsl/WMethodDeclaration;[Lorg/uqbar/project/wollok/interpreter/core/WollokObject;)Lorg/uqbar/project/wollok/interpreter/core/WollokObject;+38
j  org.uqbar.project.wollok.interpreter.core.WollokObject.call(Ljava/lang/String;[Lorg/uqbar/project/wollok/interpreter/core/WollokObject;)Lorg/uqbar/project/wollok/interpreter/core/WollokObject;+55
j  org.uqbar.project.wollok.interpreter.WollokInterpreterEvaluator._evaluate(Lorg/uqbar/project/wollok/wollokDsl/WFeatureCall;)Lorg/uqbar/project/wollok/interpreter/core/WollokObject;+119
J 3524 c1 org.uqbar.project.wollok.launch.WollokLauncherInterpreterEvaluator.evaluate(Lorg/eclipse/emf/ecore/EObject;)Lorg/uqbar/project/wollok/interpreter/core/WollokObject; (502 bytes) @ 0x000001af917f693c [0x000001af917f57c0+0x000000000000117c]
J 3455 c1 org.uqbar.project.wollok.interpreter.WollokInterpreterEvaluator.evaluate(Lorg/eclipse/emf/ecore/EObject;)Ljava/lang/Object; (6 bytes) @ 0x000001af917dcf04 [0x000001af917dcea0+0x0000000000000064]
j  org.uqbar.project.wollok.interpreter.WollokInterpreter.eval(Lorg/eclipse/emf/ecore/EObject;)Lorg/uqbar/project/wollok/interpreter/core/WollokObject;+63
J 3504 c1 org.uqbar.project.wollok.interpreter.WollokInterpreterEvaluator.eval(Lorg/eclipse/emf/ecore/EObject;)Lorg/uqbar/project/wollok/interpreter/core/WollokObject; (9 bytes) @ 0x000001af917ed484 [0x000001af917ed420+0x0000000000000064]
j  org.uqbar.project.wollok.interpreter.WollokInterpreterEvaluator$1.apply(Lorg/uqbar/project/wollok/interpreter/core/WollokObject;Lorg/eclipse/emf/ecore/EObject;)Lorg/uqbar/project/wollok/interpreter/core/WollokObject;+5
j  org.uqbar.project.wollok.interpreter.WollokInterpreterEvaluator$1.apply(Ljava/lang/Object;Ljava/lang/Object;)Ljava/lang/Object;+9
j  org.eclipse.xtext.xbase.lib.IteratorExtensions.fold(Ljava/util/Iterator;Ljava/lang/Object;Lorg/eclipse/xtext/xbase/lib/Functions$Function2;)Ljava/lang/Object;+19
j  org.eclipse.xtext.xbase.lib.IterableExtensions.fold(Ljava/lang/Iterable;Ljava/lang/Object;Lorg/eclipse/xtext/xbase/lib/Functions$Function2;)Ljava/lang/Object;+8
j  org.uqbar.project.wollok.interpreter.WollokInterpreterEvaluator.evalAll(Ljava/lang/Iterable;)Lorg/uqbar/project/wollok/interpreter/core/WollokObject;+12
j  org.uqbar.project.wollok.interpreter.WollokInterpreterEvaluator._evaluate(Lorg/uqbar/project/wollok/wollokDsl/WBlockExpression;)Lorg/uqbar/project/wollok/interpreter/core/WollokObject;+34
j  org.uqbar.project.wollok.launch.WollokLauncherInterpreterEvaluator.evaluate(Lorg/eclipse/emf/ecore/EObject;)Lorg/uqbar/project/wollok/interpreter/core/WollokObject;+76
j  org.uqbar.project.wollok.interpreter.WollokInterpreterEvaluator.evaluate(Lorg/eclipse/emf/ecore/EObject;)Ljava/lang/Object;+2
j  org.uqbar.project.wollok.interpreter.WollokInterpreter.eval(Lorg/eclipse/emf/ecore/EObject;)Lorg/uqbar/project/wollok/interpreter/core/WollokObject;+63
j  org.uqbar.project.wollok.interpreter.AbstractWollokCallable.eval(Lorg/eclipse/emf/ecore/EObject;)Lorg/uqbar/project/wollok/interpreter/core/WollokObject;+5
j  org.uqbar.project.wollok.interpreter.AbstractWollokCallable$1.apply()Lorg/uqbar/project/wollok/interpreter/core/WollokObject;+110
j  org.uqbar.project.wollok.interpreter.AbstractWollokCallable$1.apply()Ljava/lang/Object;+1
j  org.uqbar.project.wollok.interpreter.threads.WThread.performOnStack(Lorg/eclipse/emf/ecore/EObject;Lorg/uqbar/project/wollok/interpreter/context/EvaluationContext;Lorg/eclipse/xtext/xbase/lib/Functions$Function0;)Lorg/uqbar/project/wollok/interpreter/core/WollokObject;+29
j  org.uqbar.project.wollok.interpreter.WollokInterpreter.performOnStack(Lorg/eclipse/emf/ecore/EObject;Lorg/uqbar/project/wollok/interpreter/context/EvaluationContext;Lorg/eclipse/xtext/xbase/lib/Functions$Function0;)Lorg/uqbar/project/wollok/interpreter/core/WollokObject;+7
j  org.uqbar.project.wollok.interpreter.AbstractWollokCallable.call(Lorg/uqbar/project/wollok/wollokDsl/WMethodDeclaration;[Lorg/uqbar/project/wollok/interpreter/core/WollokObject;)Lorg/uqbar/project/wollok/interpreter/core/WollokObject;+38
j  org.uqbar.project.wollok.interpreter.core.WollokObject.call(Ljava/lang/String;[Lorg/uqbar/project/wollok/interpreter/core/WollokObject;)Lorg/uqbar/project/wollok/interpreter/core/WollokObject;+55
j  org.uqbar.project.wollok.interpreter.WollokInterpreterEvaluator._evaluate(Lorg/uqbar/project/wollok/wollokDsl/WFeatureCall;)Lorg/uqbar/project/wollok/interpreter/core/WollokObject;+119
j  org.uqbar.project.wollok.launch.WollokLauncherInterpreterEvaluator.evaluate(Lorg/eclipse/emf/ecore/EObject;)Lorg/uqbar/project/wollok/interpreter/core/WollokObject;+412
j  org.uqbar.project.wollok.interpreter.WollokInterpreterEvaluator.evaluate(Lorg/eclipse/emf/ecore/EObject;)Ljava/lang/Object;+2
j  org.uqbar.project.wollok.interpreter.WollokInterpreter.eval(Lorg/eclipse/emf/ecore/EObject;)Lorg/uqbar/project/wollok/interpreter/core/WollokObject;+63
j  org.uqbar.project.wollok.interpreter.WollokInterpreterEvaluator.eval(Lorg/eclipse/emf/ecore/EObject;)Lorg/uqbar/project/wollok/interpreter/core/WollokObject;+5
j  org.uqbar.project.wollok.interpreter.WollokInterpreterEvaluator$1.apply(Lorg/uqbar/project/wollok/interpreter/core/WollokObject;Lorg/eclipse/emf/ecore/EObject;)Lorg/uqbar/project/wollok/interpreter/core/WollokObject;+5
j  org.uqbar.project.wollok.interpreter.WollokInterpreterEvaluator$1.apply(Ljava/lang/Object;Ljava/lang/Object;)Ljava/lang/Object;+9
j  org.eclipse.xtext.xbase.lib.IteratorExtensions.fold(Ljava/util/Iterator;Ljava/lang/Object;Lorg/eclipse/xtext/xbase/lib/Functions$Function2;)Ljava/lang/Object;+19
j  org.eclipse.xtext.xbase.lib.IterableExtensions.fold(Ljava/lang/Iterable;Ljava/lang/Object;Lorg/eclipse/xtext/xbase/lib/Functions$Function2;)Ljava/lang/Object;+8
j  org.uqbar.project.wollok.interpreter.WollokInterpreterEvaluator.evalAll(Ljava/lang/Iterable;)Lorg/uqbar/project/wollok/interpreter/core/WollokObject;+12
j  org.uqbar.project.wollok.interpreter.WollokInterpreterEvaluator._evaluate(Lorg/uqbar/project/wollok/wollokDsl/WProgram;)Lorg/uqbar/project/wollok/interpreter/core/WollokObject;+18
j  org.uqbar.project.wollok.launch.WollokLauncherInterpreterEvaluator.evaluate(Lorg/eclipse/emf/ecore/EObject;)Lorg/uqbar/project/wollok/interpreter/core/WollokObject;+444
j  org.uqbar.project.wollok.interpreter.WollokInterpreterEvaluator.evaluate(Lorg/eclipse/emf/ecore/EObject;)Ljava/lang/Object;+2
j  org.uqbar.project.wollok.interpreter.WollokInterpreter.eval(Lorg/eclipse/emf/ecore/EObject;)Lorg/uqbar/project/wollok/interpreter/core/WollokObject;+63
j  org.uqbar.project.wollok.interpreter.WollokInterpreterEvaluator.eval(Lorg/eclipse/emf/ecore/EObject;)Lorg/uqbar/project/wollok/interpreter/core/WollokObject;+5
j  org.uqbar.project.wollok.launch.WollokLauncherInterpreterEvaluator._evaluate(Lorg/uqbar/project/wollok/wollokDsl/WFile;)Lorg/uqbar/project/wollok/interpreter/core/WollokObject;+32
j  org.uqbar.project.wollok.launch.WollokLauncherInterpreterEvaluator.evaluate(Lorg/eclipse/emf/ecore/EObject;)Lorg/uqbar/project/wollok/interpreter/core/WollokObject;+428
j  org.uqbar.project.wollok.interpreter.WollokInterpreterEvaluator.evaluate(Lorg/eclipse/emf/ecore/EObject;)Ljava/lang/Object;+2
j  org.uqbar.project.wollok.interpreter.WollokInterpreter.interpret(Lorg/eclipse/emf/ecore/EObject;Ljava/lang/Boolean;)Lorg/uqbar/project/wollok/interpreter/core/WollokObject;+25
j  org.uqbar.project.wollok.interpreter.WollokInterpreter.interpret(Lorg/eclipse/emf/ecore/EObject;)Lorg/uqbar/project/wollok/interpreter/core/WollokObject;+8
j  org.uqbar.project.wollok.launch.WollokLauncher.doSomething(Lorg/uqbar/project/wollok/wollokDsl/WFile;Lcom/google/inject/Injector;Ljava/io/File;Lorg/uqbar/project/wollok/launch/WollokLauncherParameters;)V+109
j  org.uqbar.project.wollok.launch.WollokChecker.launch(Ljava/lang/String;Lorg/uqbar/project/wollok/launch/WollokLauncherParameters;)V+31
j  org.uqbar.project.wollok.launch.WollokChecker.doMain([Ljava/lang/String;)V+205
j  org.uqbar.project.wollok.launch.WollokLauncher.main([Ljava/lang/String;)V+8
v  ~StubRoutines::call_stub

siginfo: EXCEPTION_ACCESS_VIOLATION (0xc0000005), reading address 0x000001afb26ae004


Register to memory mapping:

RIP=0x000001afb0791066 OpenAL64.dll
RAX=0x0000000000000004 is an unknown value
RBX=0x000001afb55a0090 points into unknown readable memory: 0x0000000100000002 | 02 00 00 00 01 00 00 00
RCX=0x000001afb26ae008 is an unknown value
RDX=0x000001afb26ae004 is an unknown value
RSP=0x00000043cddfbfe0 is pointing into the stack for thread: 0x000001af89132360
RBP=0x00000000000000ff is an unknown value
RSI=0x000001afb26adfdc points into unknown readable memory: 4e 2c c3 2d
RDI=0x0 is NULL
R8 =0x000000000000000a is an unknown value
R9 =0x000001afb26adfdc points into unknown readable memory: 4e 2c c3 2d
R10=0x000001af90bfd5f2 is at code_begin+946 in an Interpreter codelet
method entry point (kind = native)  [0x000001af90bfd240, 0x000001af90bfdbc0]  2432 bytes
R11=0x0000000694810130 is an oop: java.lang.Class 
{0x0000000694810130} - klass: 'java/lang/Class'
 - ---- fields (total size 25 words):
 - private volatile transient 'classRedefinedCount' 'I' @12  0
 - private volatile transient 'cachedConstructor' 'Ljava/lang/reflect/Constructor;' @40  NULL (0)
 - private transient 'name' 'Ljava/lang/String;' @44  "org.lwjgl.openal.ALC10"{0x0000000694810208} (d2902041)
 - private transient 'module' 'Ljava/lang/Module;' @48  a 'java/lang/Module'{0x0000000680929820} (d0125304)
 - private final 'classLoader' 'Ljava/lang/ClassLoader;' @52  a 'jdk/internal/loader/ClassLoaders$AppClassLoader'{0x0000000680920400} (d0124080)
 - private transient 'classData' 'Ljava/lang/Object;' @56  NULL (0)
 - private transient 'packageName' 'Ljava/lang/String;' @60  "org.lwjgl.openal"{0x0000000694fbd218} (d29f7a43)
 - private final 'componentType' 'Ljava/lang/Class;' @64  NULL (0)
 - private volatile transient 'reflectionData' 'Ljava/lang/ref/SoftReference;' @68  NULL (0)
 - private volatile transient 'genericInfo' 'Lsun/reflect/generics/repository/ClassRepository;' @72  NULL (0)
 - private volatile transient 'enumConstants' '[Ljava/lang/Object;' @76  NULL (0)
 - private volatile transient 'enumConstantDirectory' 'Ljava/util/Map;' @80  NULL (0)
 - private volatile transient 'annotationData' 'Ljava/lang/Class$AnnotationData;' @84  NULL (0)
 - private volatile transient 'annotationType' 'Lsun/reflect/annotation/AnnotationType;' @88  NULL (0)
 - transient 'classValueMap' 'Ljava/lang/ClassValue$ClassValueMap;' @92  NULL (0)
 - signature: Lorg/lwjgl/openal/ALC10;
 - fake entry for mirror: 'org/lwjgl/openal/ALC10'
 - fake entry for array: NULL
 - fake entry for oop_size: 25
 - fake entry for static_oop_field_count: 2
 - static final 'contexts' 'Ljava/util/HashMap;' @112  a 'java/util/HashMap'{0x0000000694810280} (d2902050)
 - static final 'devices' 'Ljava/util/HashMap;' @116  a 'java/util/HashMap'{0x00000006948102b0} (d2902056)
 - public static final 'ALC_INVALID' 'I' @120  0
 - public static final 'ALC_FALSE' 'I' @124  0
 - public static final 'ALC_TRUE' 'I' @128  1
 - public static final 'ALC_NO_ERROR' 'I' @132  0
 - public static final 'ALC_MAJOR_VERSION' 'I' @136  4096 (1000)
 - public static final 'ALC_MINOR_VERSION' 'I' @140  4097 (1001)
 - public static final 'ALC_ATTRIBUTES_SIZE' 'I' @144  4098 (1002)
 - public static final 'ALC_ALL_ATTRIBUTES' 'I' @148  4099 (1003)
 - public static final 'ALC_DEFAULT_DEVICE_SPECIFIER' 'I' @152  4100 (1004)
 - public static final 'ALC_DEVICE_SPECIFIER' 'I' @156  4101 (1005)
 - public static final 'ALC_EXTENSIONS' 'I' @160  4102 (1006)
 - public static final 'ALC_FREQUENCY' 'I' @164  4103 (1007)
 - public static final 'ALC_REFRESH' 'I' @168  4104 (1008)
 - public static final 'ALC_SYNC' 'I' @172  4105 (1009)
 - public static final 'ALC_INVALID_DEVICE' 'I' @176  40961 (a001)
 - public static final 'ALC_INVALID_CONTEXT' 'I' @180  40962 (a002)
 - public static final 'ALC_INVALID_ENUM' 'I' @184  40963 (a003)
 - public static final 'ALC_INVALID_VALUE' 'I' @188  40964 (a004)
 - public static final 'ALC_OUT_OF_MEMORY' 'I' @192  40965 (a005)
R12=0x0000000000000001 is an unknown value
R13={method} {0x000001afb5c06000} 'nalcCreateContext' '(JJ)J' in 'org/lwjgl/openal/ALC10'
R14=0x00000043cddfc180 is pointing into the stack for thread: 0x000001af89132360
R15=0x000001af89132360 is a thread


Registers:
RAX=0x0000000000000004, RBX=0x000001afb55a0090, RCX=0x000001afb26ae008, RDX=0x000001afb26ae004
RSP=0x00000043cddfbfe0, RBP=0x00000000000000ff, RSI=0x000001afb26adfdc, RDI=0x0000000000000000
R8 =0x000000000000000a, R9 =0x000001afb26adfdc, R10=0x000001af90bfd5f2, R11=0x0000000694810130
R12=0x0000000000000001, R13=0x000001afb5c05ff8, R14=0x00000043cddfc180, R15=0x000001af89132360
RIP=0x000001afb0791066, EFLAGS=0x0000000000010202

Top of Stack: (sp=0x00000043cddfbfe0)
0x00000043cddfbfe0:   000001afb5c05ff8 000001af89132360
0x00000043cddfbff0:   0000000200000004 000001af00000002
0x00000043cddfc000:   000001af89132840 0000002800000003
0x00000043cddfc010:   000001af89132360 00000043cddfc180
0x00000043cddfc020:   0000000000000000 000001af90bf94fe
0x00000043cddfc030:   00000000000001c0 000001afb5c05ff8
0x00000043cddfc040:   00000043cddfc148 00007ffece0b1c52
0x00000043cddfc050:   000001af89132360 00000043cddfc180
0x00000043cddfc060:   000001afb5c05ff8 0000000000000000
0x00000043cddfc070:   000001afb26adfdc 00000000000001c0
0x00000043cddfc080:   00000043cddfc148 000001afb079248f
0x00000043cddfc090:   000001afb55a0090 000001afb55a0090
0x00000043cddfc0a0:   000001af0000ac44 0000000000000004
0x00000043cddfc0b0:   000001af90bf94fe 000001af90bfd621
0x00000043cddfc0c0:   000001afb5c05ff8 000001af90bfd33c
0x00000043cddfc0d0:   000001afb5c05ff8 00000000000001c0 

Instructions: (pc=0x000001afb0791066)
0x000001afb0790f66:   b0 00 00 00 0f ba a3 fc 00 00 00 1f 44 89 9c 24
0x000001afb0790f76:   b0 00 00 00 73 15 48 8b 83 f8 61 01 00 48 8b cb
0x000001afb0790f86:   ff 50 20 44 8b 9c 24 b0 00 00 00 0f ba b3 fc 00
0x000001afb0790f96:   00 00 1f 44 89 7b 38 44 89 6b 44 44 89 73 48 e9
0x000001afb0790fa6:   56 01 00 00 83 3d 4f 94 04 00 02 0f 8c 8e fe ff
0x000001afb0790fb6:   ff 4c 8d 05 a2 2c 03 00 e9 6f fe ff ff 48 3b d7
0x000001afb0790fc6:   0f 84 3f 01 00 00 39 3a 0f 84 37 01 00 00 0f ba
0x000001afb0790fd6:   a1 fc 00 00 00 1f 73 0a 48 8b 81 f8 61 01 00 ff
0x000001afb0790fe6:   50 20 8b 43 38 0f ba b3 fc 00 00 00 1f 8b 6b 64
0x000001afb0790ff6:   44 8b 63 68 89 84 24 c0 00 00 00 8b 43 6c 89 84
0x000001afb0791006:   24 c8 00 00 00 4c 8b c7 39 3e 74 58 48 8b d6 48
0x000001afb0791016:   8d 4e 04 81 3a 07 10 00 00 75 10 8b 01 83 8b fc
0x000001afb0791026:   00 00 00 02 89 84 24 c0 00 00 00 81 3a 11 10 00
0x000001afb0791036:   00 75 10 8b 6b 5c 44 8b 21 44 3b e5 44 0f 47 e5
0x000001afb0791046:   41 2b ec 81 3a 03 00 02 00 75 09 8b 01 89 84 24
0x000001afb0791056:   c8 00 00 00 49 83 c0 02 48 83 c1 08 4a 8d 14 86
0x000001afb0791066:   39 3a 75 af 4c 8d 84 24 c0 00 00 00 48 8d 15 d7
0x000001afb0791076:   2b 03 00 33 c9 e8 58 5f 00 00 b8 40 1f 00 00 4c
0x000001afb0791086:   8d 84 24 c8 00 00 00 39 84 24 c0 00 00 00 48 8d
0x000001afb0791096:   15 e9 2b 03 00 0f 47 84 24 c0 00 00 00 33 c9 89
0x000001afb07910a6:   84 24 c0 00 00 00 e8 27 5f 00 00 8b 43 3c 44 8b
0x000001afb07910b6:   84 24 c0 00 00 00 8b 4b 38 41 bb 04 00 00 00 44
0x000001afb07910c6:   39 9c 24 c8 00 00 00 44 0f 42 9c 24 c8 00 00 00
0x000001afb07910d6:   33 d2 44 89 9c 24 c8 00 00 00 49 0f af c0 48 f7
0x000001afb07910e6:   f1 89 43 3c f6 05 43 b6 04 00 01 74 09 83 c0 03
0x000001afb07910f6:   83 e0 fc 89 43 3c 44 89 43 38 44 89 5b 6c 44 89
0x000001afb0791106:   63 68 89 6b 64 44 8b 9b fc 00 00 00 41 0f ba e3
0x000001afb0791116:   1f 0f 82 6a 05 00 00 44 8b 6b 38 8b 6b 44 44 8b
0x000001afb0791126:   63 48 41 bf 03 00 00 00 48 8d 35 5b 2b 03 00 4c
0x000001afb0791136:   8d 35 80 dc 02 00 44 39 3d bd 92 04 00 0f 8c 81
0x000001afb0791146:   00 00 00 4c 8d 15 88 28 03 00 4c 8d 35 f5 2a 03
0x000001afb0791156:   00 41 f6 c3 02 4d 8b ca 41 8b cc 4d 0f 45 ce e8 


Stack slot to memory mapping:
stack at sp + 0 slots: {method} {0x000001afb5c06000} 'nalcCreateContext' '(JJ)J' in 'org/lwjgl/openal/ALC10'
stack at sp + 1 slots: 0x000001af89132360 is a thread
stack at sp + 2 slots: 0x0000000200000004 is an unknown value
stack at sp + 3 slots: 0x000001af00000002 is an unknown value
stack at sp + 4 slots: 0x000001af89132840 points into unknown readable memory: 0x6e616c2e6176616a | 6a 61 76 61 2e 6c 61 6e
stack at sp + 5 slots: 0x0000002800000003 is an unknown value
stack at sp + 6 slots: 0x000001af89132360 is a thread
stack at sp + 7 slots: 0x00000043cddfc180 is pointing into the stack for thread: 0x000001af89132360


---------------  P R O C E S S  ---------------

Threads class SMR info:
_java_thread_list=0x000001afb1f153a0, length=15, elements={
0x000001af89132360, 0x000001afb046e3e0, 0x000001afb046f250, 0x000001afb04849e0,
0x000001afb0485390, 0x000001afb0485d40, 0x000001afb04866f0, 0x000001afb04921f0,
0x000001afb049aca0, 0x000001afb04b02a0, 0x000001afb10e4db0, 0x000001afb10f1730,
0x000001afb11f5b30, 0x000001afb1a60aa0, 0x000001afb1ffac40
}

Java Threads: ( => current thread )
=>0x000001af89132360 JavaThread "main" [_thread_in_native, id=6016, stack(0x00000043cdd00000,0x00000043cde00000)]
  0x000001afb046e3e0 JavaThread "Reference Handler" daemon [_thread_blocked, id=4868, stack(0x00000043ce400000,0x00000043ce500000)]
  0x000001afb046f250 JavaThread "Finalizer" daemon [_thread_blocked, id=13704, stack(0x00000043ce500000,0x00000043ce600000)]
  0x000001afb04849e0 JavaThread "Signal Dispatcher" daemon [_thread_blocked, id=15104, stack(0x00000043ce700000,0x00000043ce800000)]
  0x000001afb0485390 JavaThread "Attach Listener" daemon [_thread_blocked, id=6580, stack(0x00000043ce800000,0x00000043ce900000)]
  0x000001afb0485d40 JavaThread "Service Thread" daemon [_thread_blocked, id=6632, stack(0x00000043ce900000,0x00000043cea00000)]
  0x000001afb04866f0 JavaThread "Monitor Deflation Thread" daemon [_thread_blocked, id=10752, stack(0x00000043cea00000,0x00000043ceb00000)]
  0x000001afb04921f0 JavaThread "C2 CompilerThread0" daemon [_thread_blocked, id=13384, stack(0x00000043ceb00000,0x00000043cec00000)]
  0x000001afb049aca0 JavaThread "C1 CompilerThread0" daemon [_thread_blocked, id=9248, stack(0x00000043cec00000,0x00000043ced00000)]
  0x000001afb04b02a0 JavaThread "Sweeper thread" daemon [_thread_blocked, id=5724, stack(0x00000043ced00000,0x00000043cee00000)]
  0x000001afb10e4db0 JavaThread "Notification Thread" daemon [_thread_blocked, id=10860, stack(0x00000043cee00000,0x00000043cef00000)]
  0x000001afb10f1730 JavaThread "Common-Cleaner" daemon [_thread_blocked, id=10948, stack(0x00000043cf000000,0x00000043cf100000)]
  0x000001afb11f5b30 JavaThread "C2 CompilerThread1" daemon [_thread_blocked, id=2004, stack(0x00000043cf100000,0x00000043cf200000)]
  0x000001afb1a60aa0 JavaThread "EMF Reference Cleaner" daemon [_thread_blocked, id=10632, stack(0x00000043cf500000,0x00000043cf600000)]
  0x000001afb1ffac40 JavaThread "com.google.inject.internal.util.$Finalizer" daemon [_thread_blocked, id=4080, stack(0x00000043cf600000,0x00000043cf700000)]

Other Threads:
  0x000001afb046a7f0 VMThread "VM Thread" [stack: 0x00000043ce300000,0x00000043ce400000] [id=7392]
  0x000001afb10e92a0 WatcherThread [stack: 0x00000043cef00000,0x00000043cf000000] [id=2800]
  0x000001af89190430 GCTaskThread "GC Thread#0" [stack: 0x00000043cde00000,0x00000043cdf00000] [id=6896]
  0x000001afb16a4280 GCTaskThread "GC Thread#1" [stack: 0x00000043cf200000,0x00000043cf300000] [id=14108]
  0x000001afb1689a20 GCTaskThread "GC Thread#2" [stack: 0x00000043cf300000,0x00000043cf400000] [id=10164]
  0x000001afb1689cd0 GCTaskThread "GC Thread#3" [stack: 0x00000043cf400000,0x00000043cf500000] [id=11652]
  0x000001af8919e340 ConcurrentGCThread "G1 Main Marker" [stack: 0x00000043cdf00000,0x00000043ce000000] [id=13628]
  0x000001af8919f4f0 ConcurrentGCThread "G1 Conc#0" [stack: 0x00000043ce000000,0x00000043ce100000] [id=10008]
  0x000001afb03240c0 ConcurrentGCThread "G1 Refine#0" [stack: 0x00000043ce100000,0x00000043ce200000] [id=6832]
  0x000001afb0324ae0 ConcurrentGCThread "G1 Service" [stack: 0x00000043ce200000,0x00000043ce300000] [id=1400]

Threads with active compile tasks:

VM state: not at safepoint (normal execution)

VM Mutex/Monitor currently owned by a thread: None

Heap address: 0x0000000680800000, size: 6136 MB, Compressed Oops mode: Zero based, Oop shift amount: 3

CDS archive(s) mapped at: [0x0000000800000000-0x0000000800bc0000-0x0000000800bc0000), size 12320768, SharedBaseAddress: 0x0000000800000000, ArchiveRelocationMode: 0.
Compressed class space mapped at: 0x0000000800c00000-0x0000000840c00000, reserved size: 1073741824
Narrow klass base: 0x0000000800000000, Narrow klass shift: 0, Narrow klass range: 0x100000000

GC Precious Log:
 CPUs: 4 total, 4 available
 Memory: 24534M
 Large Page Support: Disabled
 NUMA Support: Disabled
 Compressed Oops: Enabled (Zero based)
 Heap Region Size: 4M
 Heap Min Capacity: 8M
 Heap Initial Capacity: 384M
 Heap Max Capacity: 6136M
 Pre-touch: Disabled
 Parallel Workers: 4
 Concurrent Workers: 1
 Concurrent Refinement Workers: 4
 Periodic GC: Disabled

Heap:
 garbage-first heap   total 393216K, used 70236K [0x0000000680800000, 0x0000000800000000)
  region size 4096K, 16 young (65536K), 2 survivors (8192K)
 Metaspace       used 17973K, committed 18112K, reserved 1073152K
  class space    used 2228K, committed 2304K, reserved 1048576K

Heap Regions: E=young(eden), S=young(survivor), O=old, HS=humongous(starts), HC=humongous(continues), CS=collection set, F=free, OA=open archive, CA=closed archive, TAMS=top-at-mark-start (previous, next)
|   0|0x0000000680800000, 0x0000000680c00000, 0x0000000680c00000|100%| O|  |TAMS 0x0000000680800000, 0x0000000680800000| Untracked 
|   1|0x0000000680c00000, 0x0000000681000000, 0x0000000681000000|100%| O|  |TAMS 0x0000000680c00000, 0x0000000680c00000| Untracked 
|   2|0x0000000681000000, 0x00000006811e9000, 0x0000000681400000| 47%| O|  |TAMS 0x0000000681000000, 0x0000000681000000| Untracked 
|   3|0x0000000681400000, 0x0000000681400000, 0x0000000681800000|  0%| F|  |TAMS 0x0000000681400000, 0x0000000681400000| Untracked 
|   4|0x0000000681800000, 0x0000000681800000, 0x0000000681c00000|  0%| F|  |TAMS 0x0000000681800000, 0x0000000681800000| Untracked 
|   5|0x0000000681c00000, 0x0000000681c00000, 0x0000000682000000|  0%| F|  |TAMS 0x0000000681c00000, 0x0000000681c00000| Untracked 
|   6|0x0000000682000000, 0x0000000682000000, 0x0000000682400000|  0%| F|  |TAMS 0x0000000682000000, 0x0000000682000000| Untracked 
|   7|0x0000000682400000, 0x0000000682400000, 0x0000000682800000|  0%| F|  |TAMS 0x0000000682400000, 0x0000000682400000| Untracked 
|   8|0x0000000682800000, 0x0000000682800000, 0x0000000682c00000|  0%| F|  |TAMS 0x0000000682800000, 0x0000000682800000| Untracked 
|   9|0x0000000682c00000, 0x0000000682c00000, 0x0000000683000000|  0%| F|  |TAMS 0x0000000682c00000, 0x0000000682c00000| Untracked 
|  10|0x0000000683000000, 0x0000000683000000, 0x0000000683400000|  0%| F|  |TAMS 0x0000000683000000, 0x0000000683000000| Untracked 
|  11|0x0000000683400000, 0x0000000683400000, 0x0000000683800000|  0%| F|  |TAMS 0x0000000683400000, 0x0000000683400000| Untracked 
|  12|0x0000000683800000, 0x0000000683800000, 0x0000000683c00000|  0%| F|  |TAMS 0x0000000683800000, 0x0000000683800000| Untracked 
|  13|0x0000000683c00000, 0x0000000683c00000, 0x0000000684000000|  0%| F|  |TAMS 0x0000000683c00000, 0x0000000683c00000| Untracked 
|  14|0x0000000684000000, 0x0000000684000000, 0x0000000684400000|  0%| F|  |TAMS 0x0000000684000000, 0x0000000684000000| Untracked 
|  15|0x0000000684400000, 0x0000000684400000, 0x0000000684800000|  0%| F|  |TAMS 0x0000000684400000, 0x0000000684400000| Untracked 
|  16|0x0000000684800000, 0x0000000684800000, 0x0000000684c00000|  0%| F|  |TAMS 0x0000000684800000, 0x0000000684800000| Untracked 
|  17|0x0000000684c00000, 0x0000000684c00000, 0x0000000685000000|  0%| F|  |TAMS 0x0000000684c00000, 0x0000000684c00000| Untracked 
|  18|0x0000000685000000, 0x0000000685000000, 0x0000000685400000|  0%| F|  |TAMS 0x0000000685000000, 0x0000000685000000| Untracked 
|  19|0x0000000685400000, 0x0000000685400000, 0x0000000685800000|  0%| F|  |TAMS 0x0000000685400000, 0x0000000685400000| Untracked 
|  20|0x0000000685800000, 0x0000000685800000, 0x0000000685c00000|  0%| F|  |TAMS 0x0000000685800000, 0x0000000685800000| Untracked 
|  21|0x0000000685c00000, 0x0000000685c00000, 0x0000000686000000|  0%| F|  |TAMS 0x0000000685c00000, 0x0000000685c00000| Untracked 
|  22|0x0000000686000000, 0x0000000686000000, 0x0000000686400000|  0%| F|  |TAMS 0x0000000686000000, 0x0000000686000000| Untracked 
|  23|0x0000000686400000, 0x0000000686400000, 0x0000000686800000|  0%| F|  |TAMS 0x0000000686400000, 0x0000000686400000| Untracked 
|  24|0x0000000686800000, 0x0000000686800000, 0x0000000686c00000|  0%| F|  |TAMS 0x0000000686800000, 0x0000000686800000| Untracked 
|  25|0x0000000686c00000, 0x0000000686c00000, 0x0000000687000000|  0%| F|  |TAMS 0x0000000686c00000, 0x0000000686c00000| Untracked 
|  26|0x0000000687000000, 0x0000000687000000, 0x0000000687400000|  0%| F|  |TAMS 0x0000000687000000, 0x0000000687000000| Untracked 
|  27|0x0000000687400000, 0x0000000687400000, 0x0000000687800000|  0%| F|  |TAMS 0x0000000687400000, 0x0000000687400000| Untracked 
|  28|0x0000000687800000, 0x0000000687800000, 0x0000000687c00000|  0%| F|  |TAMS 0x0000000687800000, 0x0000000687800000| Untracked 
|  29|0x0000000687c00000, 0x0000000687c00000, 0x0000000688000000|  0%| F|  |TAMS 0x0000000687c00000, 0x0000000687c00000| Untracked 
|  30|0x0000000688000000, 0x0000000688000000, 0x0000000688400000|  0%| F|  |TAMS 0x0000000688000000, 0x0000000688000000| Untracked 
|  31|0x0000000688400000, 0x0000000688400000, 0x0000000688800000|  0%| F|  |TAMS 0x0000000688400000, 0x0000000688400000| Untracked 
|  32|0x0000000688800000, 0x0000000688800000, 0x0000000688c00000|  0%| F|  |TAMS 0x0000000688800000, 0x0000000688800000| Untracked 
|  33|0x0000000688c00000, 0x0000000688c00000, 0x0000000689000000|  0%| F|  |TAMS 0x0000000688c00000, 0x0000000688c00000| Untracked 
|  34|0x0000000689000000, 0x0000000689000000, 0x0000000689400000|  0%| F|  |TAMS 0x0000000689000000, 0x0000000689000000| Untracked 
|  35|0x0000000689400000, 0x0000000689400000, 0x0000000689800000|  0%| F|  |TAMS 0x0000000689400000, 0x0000000689400000| Untracked 
|  36|0x0000000689800000, 0x0000000689800000, 0x0000000689c00000|  0%| F|  |TAMS 0x0000000689800000, 0x0000000689800000| Untracked 
|  37|0x0000000689c00000, 0x0000000689c00000, 0x000000068a000000|  0%| F|  |TAMS 0x0000000689c00000, 0x0000000689c00000| Untracked 
|  38|0x000000068a000000, 0x000000068a000000, 0x000000068a400000|  0%| F|  |TAMS 0x000000068a000000, 0x000000068a000000| Untracked 
|  39|0x000000068a400000, 0x000000068a400000, 0x000000068a800000|  0%| F|  |TAMS 0x000000068a400000, 0x000000068a400000| Untracked 
|  40|0x000000068a800000, 0x000000068a800000, 0x000000068ac00000|  0%| F|  |TAMS 0x000000068a800000, 0x000000068a800000| Untracked 
|  41|0x000000068ac00000, 0x000000068ac00000, 0x000000068b000000|  0%| F|  |TAMS 0x000000068ac00000, 0x000000068ac00000| Untracked 
|  42|0x000000068b000000, 0x000000068b000000, 0x000000068b400000|  0%| F|  |TAMS 0x000000068b000000, 0x000000068b000000| Untracked 
|  43|0x000000068b400000, 0x000000068b400000, 0x000000068b800000|  0%| F|  |TAMS 0x000000068b400000, 0x000000068b400000| Untracked 
|  44|0x000000068b800000, 0x000000068b800000, 0x000000068bc00000|  0%| F|  |TAMS 0x000000068b800000, 0x000000068b800000| Untracked 
|  45|0x000000068bc00000, 0x000000068bc00000, 0x000000068c000000|  0%| F|  |TAMS 0x000000068bc00000, 0x000000068bc00000| Untracked 
|  46|0x000000068c000000, 0x000000068c000000, 0x000000068c400000|  0%| F|  |TAMS 0x000000068c000000, 0x000000068c000000| Untracked 
|  47|0x000000068c400000, 0x000000068c400000, 0x000000068c800000|  0%| F|  |TAMS 0x000000068c400000, 0x000000068c400000| Untracked 
|  48|0x000000068c800000, 0x000000068c800000, 0x000000068cc00000|  0%| F|  |TAMS 0x000000068c800000, 0x000000068c800000| Untracked 
|  49|0x000000068cc00000, 0x000000068cc00000, 0x000000068d000000|  0%| F|  |TAMS 0x000000068cc00000, 0x000000068cc00000| Untracked 
|  50|0x000000068d000000, 0x000000068d000000, 0x000000068d400000|  0%| F|  |TAMS 0x000000068d000000, 0x000000068d000000| Untracked 
|  51|0x000000068d400000, 0x000000068d400000, 0x000000068d800000|  0%| F|  |TAMS 0x000000068d400000, 0x000000068d400000| Untracked 
|  52|0x000000068d800000, 0x000000068d800000, 0x000000068dc00000|  0%| F|  |TAMS 0x000000068d800000, 0x000000068d800000| Untracked 
|  53|0x000000068dc00000, 0x000000068dc00000, 0x000000068e000000|  0%| F|  |TAMS 0x000000068dc00000, 0x000000068dc00000| Untracked 
|  54|0x000000068e000000, 0x000000068e000000, 0x000000068e400000|  0%| F|  |TAMS 0x000000068e000000, 0x000000068e000000| Untracked 
|  55|0x000000068e400000, 0x000000068e400000, 0x000000068e800000|  0%| F|  |TAMS 0x000000068e400000, 0x000000068e400000| Untracked 
|  56|0x000000068e800000, 0x000000068e800000, 0x000000068ec00000|  0%| F|  |TAMS 0x000000068e800000, 0x000000068e800000| Untracked 
|  57|0x000000068ec00000, 0x000000068ec00000, 0x000000068f000000|  0%| F|  |TAMS 0x000000068ec00000, 0x000000068ec00000| Untracked 
|  58|0x000000068f000000, 0x000000068f000000, 0x000000068f400000|  0%| F|  |TAMS 0x000000068f000000, 0x000000068f000000| Untracked 
|  59|0x000000068f400000, 0x000000068f400000, 0x000000068f800000|  0%| F|  |TAMS 0x000000068f400000, 0x000000068f400000| Untracked 
|  60|0x000000068f800000, 0x000000068f800000, 0x000000068fc00000|  0%| F|  |TAMS 0x000000068f800000, 0x000000068f800000| Untracked 
|  61|0x000000068fc00000, 0x000000068fc00000, 0x0000000690000000|  0%| F|  |TAMS 0x000000068fc00000, 0x000000068fc00000| Untracked 
|  62|0x0000000690000000, 0x0000000690000000, 0x0000000690400000|  0%| F|  |TAMS 0x0000000690000000, 0x0000000690000000| Untracked 
|  63|0x0000000690400000, 0x0000000690400000, 0x0000000690800000|  0%| F|  |TAMS 0x0000000690400000, 0x0000000690400000| Untracked 
|  64|0x0000000690800000, 0x0000000690800000, 0x0000000690c00000|  0%| F|  |TAMS 0x0000000690800000, 0x0000000690800000| Untracked 
|  65|0x0000000690c00000, 0x0000000690c00000, 0x0000000691000000|  0%| F|  |TAMS 0x0000000690c00000, 0x0000000690c00000| Untracked 
|  66|0x0000000691000000, 0x0000000691000000, 0x0000000691400000|  0%| F|  |TAMS 0x0000000691000000, 0x0000000691000000| Untracked 
|  67|0x0000000691400000, 0x0000000691400000, 0x0000000691800000|  0%| F|  |TAMS 0x0000000691400000, 0x0000000691400000| Untracked 
|  68|0x0000000691800000, 0x0000000691800000, 0x0000000691c00000|  0%| F|  |TAMS 0x0000000691800000, 0x0000000691800000| Untracked 
|  69|0x0000000691c00000, 0x0000000691c00000, 0x0000000692000000|  0%| F|  |TAMS 0x0000000691c00000, 0x0000000691c00000| Untracked 
|  70|0x0000000692000000, 0x0000000692000000, 0x0000000692400000|  0%| F|  |TAMS 0x0000000692000000, 0x0000000692000000| Untracked 
|  71|0x0000000692400000, 0x0000000692400000, 0x0000000692800000|  0%| F|  |TAMS 0x0000000692400000, 0x0000000692400000| Untracked 
|  72|0x0000000692800000, 0x0000000692800000, 0x0000000692c00000|  0%| F|  |TAMS 0x0000000692800000, 0x0000000692800000| Untracked 
|  73|0x0000000692c00000, 0x0000000692c00000, 0x0000000693000000|  0%| F|  |TAMS 0x0000000692c00000, 0x0000000692c00000| Untracked 
|  74|0x0000000693000000, 0x0000000693000000, 0x0000000693400000|  0%| F|  |TAMS 0x0000000693000000, 0x0000000693000000| Untracked 
|  75|0x0000000693400000, 0x0000000693400000, 0x0000000693800000|  0%| F|  |TAMS 0x0000000693400000, 0x0000000693400000| Untracked 
|  76|0x0000000693800000, 0x0000000693800000, 0x0000000693c00000|  0%| F|  |TAMS 0x0000000693800000, 0x0000000693800000| Untracked 
|  77|0x0000000693c00000, 0x0000000693c00000, 0x0000000694000000|  0%| F|  |TAMS 0x0000000693c00000, 0x0000000693c00000| Untracked 
|  78|0x0000000694000000, 0x0000000694000000, 0x0000000694400000|  0%| F|  |TAMS 0x0000000694000000, 0x0000000694000000| Untracked 
|  79|0x0000000694400000, 0x0000000694400000, 0x0000000694800000|  0%| F|  |TAMS 0x0000000694400000, 0x0000000694400000| Untracked 
|  80|0x0000000694800000, 0x0000000694995358, 0x0000000694c00000| 39%| E|  |TAMS 0x0000000694800000, 0x0000000694800000| Complete 
|  81|0x0000000694c00000, 0x0000000695000000, 0x0000000695000000|100%| E|CS|TAMS 0x0000000694c00000, 0x0000000694c00000| Complete 
|  82|0x0000000695000000, 0x0000000695400000, 0x0000000695400000|100%| E|CS|TAMS 0x0000000695000000, 0x0000000695000000| Complete 
|  83|0x0000000695400000, 0x00000006956ae0e0, 0x0000000695800000| 66%| S|CS|TAMS 0x0000000695400000, 0x0000000695400000| Complete 
|  84|0x0000000695800000, 0x0000000695c00000, 0x0000000695c00000|100%| S|CS|TAMS 0x0000000695800000, 0x0000000695800000| Complete 
|  85|0x0000000695c00000, 0x0000000696000000, 0x0000000696000000|100%| E|CS|TAMS 0x0000000695c00000, 0x0000000695c00000| Complete 
|  86|0x0000000696000000, 0x0000000696400000, 0x0000000696400000|100%| E|CS|TAMS 0x0000000696000000, 0x0000000696000000| Complete 
|  87|0x0000000696400000, 0x0000000696800000, 0x0000000696800000|100%| E|CS|TAMS 0x0000000696400000, 0x0000000696400000| Complete 
|  88|0x0000000696800000, 0x0000000696c00000, 0x0000000696c00000|100%| E|CS|TAMS 0x0000000696800000, 0x0000000696800000| Complete 
|  89|0x0000000696c00000, 0x0000000697000000, 0x0000000697000000|100%| E|CS|TAMS 0x0000000696c00000, 0x0000000696c00000| Complete 
|  90|0x0000000697000000, 0x0000000697400000, 0x0000000697400000|100%| E|CS|TAMS 0x0000000697000000, 0x0000000697000000| Complete 
|  91|0x0000000697400000, 0x0000000697800000, 0x0000000697800000|100%| E|CS|TAMS 0x0000000697400000, 0x0000000697400000| Complete 
|  92|0x0000000697800000, 0x0000000697c00000, 0x0000000697c00000|100%| E|CS|TAMS 0x0000000697800000, 0x0000000697800000| Complete 
|  93|0x0000000697c00000, 0x0000000698000000, 0x0000000698000000|100%| E|CS|TAMS 0x0000000697c00000, 0x0000000697c00000| Complete 
|  94|0x0000000698000000, 0x0000000698400000, 0x0000000698400000|100%| E|CS|TAMS 0x0000000698000000, 0x0000000698000000| Complete 
|  95|0x0000000698400000, 0x0000000698800000, 0x0000000698800000|100%| E|CS|TAMS 0x0000000698400000, 0x0000000698400000| Complete 

Card table byte_map: [0x000001afa07f0000,0x000001afa13f0000] _byte_map_base: 0x000001af9d3ec000

Marking Bits (Prev, Next): (CMBitMap*) 0x000001af89191a50, (CMBitMap*) 0x000001af89191a90
 Prev Bits: [0x000001afa1ff0000, 0x000001afa7fd0000)
 Next Bits: [0x000001afa7fd0000, 0x000001afadfb0000)

Polling page: 0x000001af870a0000

Metaspace:

Usage:
  Non-class:     15.38 MB used.
      Class:      2.18 MB used.
       Both:     17.55 MB used.

Virtual space:
  Non-class space:       24.00 MB reserved,      15.44 MB ( 64%) committed,  3 nodes.
      Class space:        1.00 GB reserved,       2.25 MB ( <1%) committed,  1 nodes.
             Both:        1.02 GB reserved,      17.69 MB (  2%) committed. 

Chunk freelists:
   Non-Class:  3.94 MB
       Class:  1.58 MB
        Both:  5.52 MB

MaxMetaspaceSize: unlimited
CompressedClassSpaceSize: 1.00 GB
Initial GC threshold: 21.00 MB
Current GC threshold: 21.00 MB
CDS: on
MetaspaceReclaimPolicy: balanced
 - commit_granule_bytes: 65536.
 - commit_granule_words: 8192.
 - virtual_space_node_default_size: 1048576.
 - enlarge_chunks_in_place: 1.
 - new_chunks_are_fully_committed: 0.
 - uncommit_free_chunks: 1.
 - use_allocation_guard: 0.
 - handle_deallocations: 1.


Internal statistics:

num_allocs_failed_limit: 0.
num_arena_births: 96.
num_arena_deaths: 0.
num_vsnodes_births: 4.
num_vsnodes_deaths: 0.
num_space_committed: 283.
num_space_uncommitted: 0.
num_chunks_returned_to_freelist: 0.
num_chunks_taken_from_freelist: 659.
num_chunk_merges: 0.
num_chunk_splits: 482.
num_chunks_enlarged: 379.
num_purges: 0.
num_inconsistent_stats: 0.

CodeHeap 'non-profiled nmethods': size=120000Kb used=1631Kb max_used=1631Kb free=118368Kb
 bounds [0x000001af986c0000, 0x000001af98930000, 0x000001af9fbf0000]
CodeHeap 'profiled nmethods': size=120000Kb used=6668Kb max_used=6668Kb free=113331Kb
 bounds [0x000001af91190000, 0x000001af91820000, 0x000001af986c0000]
CodeHeap 'non-nmethods': size=5760Kb used=1227Kb max_used=1318Kb free=4532Kb
 bounds [0x000001af90bf0000, 0x000001af90e60000, 0x000001af91190000]
 total_blobs=4109 nmethods=3576 adapters=445
 compilation: enabled
              stopped_count=0, restarted_count=0
 full_count=0

Compilation events (20 events):
Event: 1.923 Thread 0x000001afb04921f0 nmethod 3016 0x000001af98843590 code [0x000001af98843740, 0x000001af98843e58]
Event: 1.923 Thread 0x000001afb04921f0 3585       4       java.lang.String::lastIndexOf (12 bytes)
Event: 1.924 Thread 0x000001afb049aca0 3595       2       java.io.FileInputStream::read (9 bytes)
Event: 1.925 Thread 0x000001afb049aca0 nmethod 3595 0x000001af91810a90 code [0x000001af91810c20, 0x000001af91810d48]
Event: 1.925 Thread 0x000001afb04921f0 nmethod 3585 0x000001af98844190 code [0x000001af98844320, 0x000001af98844538]
Event: 1.925 Thread 0x000001afb04921f0 3590       4       jdk.internal.misc.Unsafe::getInt (7 bytes)
Event: 1.925 Thread 0x000001afb04921f0 nmethod 3590 0x000001af98844690 code [0x000001af98844800, 0x000001af98844878]
Event: 1.925 Thread 0x000001afb04921f0 3591       4       jdk.internal.misc.Unsafe::getLong (7 bytes)
Event: 1.926 Thread 0x000001afb04921f0 nmethod 3591 0x000001af98844990 code [0x000001af98844b00, 0x000001af98844b78]
Event: 1.926 Thread 0x000001afb04921f0 3019       4       org.eclipse.xtext.util.OnChangeEvictingCache::getOrCreate (47 bytes)
Event: 1.926 Thread 0x000001afb049aca0 3596       3       java.io.WinNTFileSystem::normalize (143 bytes)
Event: 1.927 Thread 0x000001afb049aca0 nmethod 3596 0x000001af91810e10 code [0x000001af918110a0, 0x000001af91811c78]
Event: 1.932 Thread 0x000001afb049aca0 3597   !   2       java.nio.DirectByteBuffer::put (37 bytes)
Event: 1.932 Thread 0x000001afb049aca0 nmethod 3597 0x000001af91812110 code [0x000001af91812300, 0x000001af91812658]
Event: 1.932 Thread 0x000001afb049aca0 3599   !   2       jdk.internal.misc.ScopedMemoryAccess::putByteInternal (37 bytes)
Event: 1.932 Thread 0x000001afb049aca0 nmethod 3599 0x000001af91812990 code [0x000001af91812b20, 0x000001af91812ca8]
Event: 1.932 Thread 0x000001afb049aca0 3598   !   2       jdk.internal.misc.ScopedMemoryAccess::putByte (25 bytes)
Event: 1.933 Thread 0x000001afb049aca0 nmethod 3598 0x000001af91812d90 code [0x000001af91812f40, 0x000001af918131b8]
Event: 1.945 Thread 0x000001afb04921f0 nmethod 3019 0x000001af98856590 code [0x000001af988567a0, 0x000001af988578d8]
Event: 1.945 Thread 0x000001afb11f5b30 nmethod 3018 0x000001af98845090 code [0x000001af988457e0, 0x000001af988505c0]

GC Heap History (8 events):
Event: 0.243 GC heap before
{Heap before GC invocations=0 (full 0):
 garbage-first heap   total 393216K, used 16384K [0x0000000680800000, 0x0000000800000000)
  region size 4096K, 4 young (16384K), 0 survivors (0K)
 Metaspace       used 2330K, committed 2496K, reserved 1056768K
  class space    used 211K, committed 320K, reserved 1048576K
}
Event: 0.246 GC heap after
{Heap after GC invocations=1 (full 0):
 garbage-first heap   total 393216K, used 5249K [0x0000000680800000, 0x0000000800000000)
  region size 4096K, 1 young (4096K), 1 survivors (4096K)
 Metaspace       used 2330K, committed 2496K, reserved 1056768K
  class space    used 211K, committed 320K, reserved 1048576K
}
Event: 0.381 GC heap before
{Heap before GC invocations=1 (full 0):
 garbage-first heap   total 393216K, used 17537K [0x0000000680800000, 0x0000000800000000)
  region size 4096K, 4 young (16384K), 1 survivors (4096K)
 Metaspace       used 3622K, committed 3776K, reserved 1056768K
  class space    used 365K, committed 448K, reserved 1048576K
}
Event: 0.384 GC heap after
{Heap after GC invocations=2 (full 0):
 garbage-first heap   total 393216K, used 8662K [0x0000000680800000, 0x0000000800000000)
  region size 4096K, 1 young (4096K), 1 survivors (4096K)
 Metaspace       used 3622K, committed 3776K, reserved 1056768K
  class space    used 365K, committed 448K, reserved 1048576K
}
Event: 0.619 GC heap before
{Heap before GC invocations=2 (full 0):
 garbage-first heap   total 393216K, used 29142K [0x0000000680800000, 0x0000000800000000)
  region size 4096K, 6 young (24576K), 1 survivors (4096K)
 Metaspace       used 5920K, committed 6016K, reserved 1056768K
  class space    used 703K, committed 768K, reserved 1048576K
}
Event: 0.624 GC heap after
{Heap after GC invocations=3 (full 0):
 garbage-first heap   total 393216K, used 14244K [0x0000000680800000, 0x0000000800000000)
  region size 4096K, 1 young (4096K), 1 survivors (4096K)
 Metaspace       used 5920K, committed 6016K, reserved 1056768K
  class space    used 703K, committed 768K, reserved 1048576K
}
Event: 1.118 GC heap before
{Heap before GC invocations=3 (full 0):
 garbage-first heap   total 393216K, used 51108K [0x0000000680800000, 0x0000000800000000)
  region size 4096K, 11 young (45056K), 1 survivors (4096K)
 Metaspace       used 12131K, committed 12288K, reserved 1064960K
  class space    used 1529K, committed 1600K, reserved 1048576K
}
Event: 1.123 GC heap after
{Heap after GC invocations=4 (full 0):
 garbage-first heap   total 393216K, used 16988K [0x0000000680800000, 0x0000000800000000)
  region size 4096K, 2 young (8192K), 2 survivors (8192K)
 Metaspace       used 12131K, committed 12288K, reserved 1064960K
  class space    used 1529K, committed 1600K, reserved 1048576K
}

Deoptimization events (20 events):
Event: 1.629 Thread 0x000001af89132360 DEOPT PACKING pc=0x000001af9172c856 sp=0x00000043cddfbd90
Event: 1.629 Thread 0x000001af89132360 DEOPT UNPACKING pc=0x000001af90c42b43 sp=0x00000043cddfb230 mode 0
Event: 1.643 Thread 0x000001af89132360 Uncommon trap: trap_request=0xffffffc6 fr.pc=0x000001af9877f2a8 relative=0x0000000000000ea8
Event: 1.643 Thread 0x000001af89132360 Uncommon trap: reason=bimorphic_or_optimized_type_check action=maybe_recompile pc=0x000001af9877f2a8 method=java.util.HashMap.putVal(ILjava/lang/Object;Ljava/lang/Object;ZZ)Ljava/lang/Object; @ 203 c2
Event: 1.643 Thread 0x000001af89132360 DEOPT PACKING pc=0x000001af9877f2a8 sp=0x00000043cddfb680
Event: 1.643 Thread 0x000001af89132360 DEOPT UNPACKING pc=0x000001af90c423a3 sp=0x00000043cddfb630 mode 2
Event: 1.643 Thread 0x000001af89132360 Uncommon trap: trap_request=0xffffffc6 fr.pc=0x000001af9877f2a8 relative=0x0000000000000ea8
Event: 1.643 Thread 0x000001af89132360 Uncommon trap: reason=bimorphic_or_optimized_type_check action=maybe_recompile pc=0x000001af9877f2a8 method=java.util.HashMap.putVal(ILjava/lang/Object;Ljava/lang/Object;ZZ)Ljava/lang/Object; @ 203 c2
Event: 1.643 Thread 0x000001af89132360 DEOPT PACKING pc=0x000001af9877f2a8 sp=0x00000043cddfb680
Event: 1.644 Thread 0x000001af89132360 DEOPT UNPACKING pc=0x000001af90c423a3 sp=0x00000043cddfb630 mode 2
Event: 1.859 Thread 0x000001af89132360 DEOPT PACKING pc=0x000001af9172c856 sp=0x00000043cddfc2c0
Event: 1.859 Thread 0x000001af89132360 DEOPT UNPACKING pc=0x000001af90c42b43 sp=0x00000043cddfb748 mode 0
Event: 1.896 Thread 0x000001af89132360 DEOPT PACKING pc=0x000001af9172c856 sp=0x00000043cddfaee0
Event: 1.896 Thread 0x000001af89132360 DEOPT UNPACKING pc=0x000001af90c42b43 sp=0x00000043cddfa380 mode 0
Event: 1.916 Thread 0x000001af89132360 Uncommon trap: trap_request=0xffffff45 fr.pc=0x000001af987604e0 relative=0x0000000000001480
Event: 1.916 Thread 0x000001af89132360 Uncommon trap: reason=unstable_if action=reinterpret pc=0x000001af987604e0 method=java.io.WinNTFileSystem.normalize(Ljava/lang/String;)Ljava/lang/String; @ 128 c2
Event: 1.916 Thread 0x000001af89132360 DEOPT PACKING pc=0x000001af987604e0 sp=0x00000043cddfaf90
Event: 1.916 Thread 0x000001af89132360 DEOPT UNPACKING pc=0x000001af90c423a3 sp=0x00000043cddfaf68 mode 2
Event: 1.917 Thread 0x000001af89132360 DEOPT PACKING pc=0x000001af9172c856 sp=0x00000043cddfaee0
Event: 1.917 Thread 0x000001af89132360 DEOPT UNPACKING pc=0x000001af90c42b43 sp=0x00000043cddfa380 mode 0

Classes unloaded (0 events):
No events

Classes redefined (0 events):
No events

Internal exceptions (20 events):
Event: 0.760 Thread 0x000001af89132360 Exception <a 'java/lang/NoSuchMethodError'{0x0000000697e2fc28}: 'java.lang.Object java.lang.invoke.DirectMethodHandle$Holder.newInvokeSpecial(java.lang.Object, java.lang.Object, java.lang.Object, java.lang.Object, java.lang.Object)'> (0x0000000697e2fc28) 
thrown [e:\jenkins\tmp\workspace\build\src\src\hotspot\share\interpreter\linkResolver.cpp, line 766]
Event: 1.263 Thread 0x000001af89132360 Exception <a 'java/io/FileNotFoundException'{0x00000006982d3628}> (0x00000006982d3628) 
thrown [e:\jenkins\tmp\workspace\build\src\src\hotspot\share\prims\jni.cpp, line 516]
Event: 1.339 Thread 0x000001af89132360 Exception <a 'java/lang/NoSuchMethodError'{0x0000000697d8d058}: 'void java.lang.invoke.DirectMethodHandle$Holder.invokeStatic(java.lang.Object, java.lang.Object, java.lang.Object, java.lang.Object)'> (0x0000000697d8d058) 
thrown [e:\jenkins\tmp\workspace\build\src\src\hotspot\share\interpreter\linkResolver.cpp, line 766]
Event: 1.468 Thread 0x000001af89132360 Implicit null exception at 0x000001af987d7853 to 0x000001af987d9380
Event: 1.576 Thread 0x000001af89132360 Exception <a 'java/io/FileNotFoundException'{0x0000000696c8cf00}> (0x0000000696c8cf00) 
thrown [e:\jenkins\tmp\workspace\build\src\src\hotspot\share\prims\jni.cpp, line 516]
Event: 1.578 Thread 0x000001af89132360 Exception <a 'java/io/FileNotFoundException'{0x0000000696c9e100}> (0x0000000696c9e100) 
thrown [e:\jenkins\tmp\workspace\build\src\src\hotspot\share\prims\jni.cpp, line 516]
Event: 1.585 Thread 0x000001af89132360 Exception <a 'java/io/FileNotFoundException'{0x0000000696d5db20}> (0x0000000696d5db20) 
thrown [e:\jenkins\tmp\workspace\build\src\src\hotspot\share\prims\jni.cpp, line 516]
Event: 1.625 Thread 0x000001af89132360 Exception <a 'java/io/FileNotFoundException'{0x0000000696fc27f8}> (0x0000000696fc27f8) 
thrown [e:\jenkins\tmp\workspace\build\src\src\hotspot\share\prims\jni.cpp, line 516]
Event: 1.629 Thread 0x000001af89132360 Exception <a 'java/io/FileNotFoundException'{0x0000000696ff9638}> (0x0000000696ff9638) 
thrown [e:\jenkins\tmp\workspace\build\src\src\hotspot\share\prims\jni.cpp, line 516]
Event: 1.646 Thread 0x000001af89132360 Exception <a 'java/io/FileNotFoundException'{0x000000069690b210}> (0x000000069690b210) 
thrown [e:\jenkins\tmp\workspace\build\src\src\hotspot\share\prims\jni.cpp, line 516]
Event: 1.661 Thread 0x000001af89132360 Exception <a 'java/lang/reflect/InvocationTargetException'{0x0000000696a88560}> (0x0000000696a88560) 
thrown [e:\jenkins\tmp\workspace\build\src\src\hotspot\share\runtime\reflection.cpp, line 1121]
Event: 1.662 Thread 0x000001af89132360 Exception <a 'java/lang/reflect/InvocationTargetException'{0x0000000696a93ee0}> (0x0000000696a93ee0) 
thrown [e:\jenkins\tmp\workspace\build\src\src\hotspot\share\runtime\reflection.cpp, line 1121]
Event: 1.662 Thread 0x000001af89132360 Exception <a 'java/lang/reflect/InvocationTargetException'{0x0000000696a9f830}> (0x0000000696a9f830) 
thrown [e:\jenkins\tmp\workspace\build\src\src\hotspot\share\runtime\reflection.cpp, line 1121]
Event: 1.663 Thread 0x000001af89132360 Exception <a 'java/lang/reflect/InvocationTargetException'{0x0000000696aab188}> (0x0000000696aab188) 
thrown [e:\jenkins\tmp\workspace\build\src\src\hotspot\share\runtime\reflection.cpp, line 1121]
Event: 1.722 Thread 0x000001af89132360 Exception <a 'java/lang/reflect/InvocationTargetException'{0x00000006967845d8}> (0x00000006967845d8) 
thrown [e:\jenkins\tmp\workspace\build\src\src\hotspot\share\runtime\reflection.cpp, line 1121]
Event: 1.723 Thread 0x000001af89132360 Exception <a 'java/lang/reflect/InvocationTargetException'{0x00000006967a09f8}> (0x00000006967a09f8) 
thrown [e:\jenkins\tmp\workspace\build\src\src\hotspot\share\runtime\reflection.cpp, line 1121]
Event: 1.723 Thread 0x000001af89132360 Exception <a 'java/lang/reflect/InvocationTargetException'{0x00000006967bce28}> (0x00000006967bce28) 
thrown [e:\jenkins\tmp\workspace\build\src\src\hotspot\share\runtime\reflection.cpp, line 1121]
Event: 1.725 Thread 0x000001af89132360 Exception <a 'java/lang/reflect/InvocationTargetException'{0x00000006967f9018}> (0x00000006967f9018) 
thrown [e:\jenkins\tmp\workspace\build\src\src\hotspot\share\runtime\reflection.cpp, line 1121]
Event: 1.893 Thread 0x000001af89132360 Exception <a 'java/lang/NoSuchMethodError'{0x0000000694f1e078}: 'java.lang.Object java.lang.invoke.DirectMethodHandle$Holder.invokeStaticInit(java.lang.Object, int, int, int, int)'> (0x0000000694f1e078) 
thrown [e:\jenkins\tmp\workspace\build\src\src\hotspot\share\interpreter\linkResolver.cpp, line 766]
Event: 1.919 Thread 0x000001af89132360 Exception <a 'java/lang/NoSuchMethodError'{0x0000000694f7ee08}: 'java.lang.Object java.lang.invoke.DirectMethodHandle$Holder.invokeStaticInit(java.lang.Object, java.lang.Object, int, int, int, int)'> (0x0000000694f7ee08) 
thrown [e:\jenkins\tmp\workspace\build\src\src\hotspot\share\interpreter\linkResolver.cpp, line 766]

VM Operations (20 events):
Event: 1.264 Executing VM operation: HandshakeAllThreads
Event: 1.264 Executing VM operation: HandshakeAllThreads done
Event: 1.273 Executing VM operation: HandshakeAllThreads
Event: 1.273 Executing VM operation: HandshakeAllThreads done
Event: 1.273 Executing VM operation: HandshakeAllThreads
Event: 1.273 Executing VM operation: HandshakeAllThreads done
Event: 1.316 Executing VM operation: ICBufferFull
Event: 1.316 Executing VM operation: ICBufferFull done
Event: 1.353 Executing VM operation: HandshakeAllThreads
Event: 1.353 Executing VM operation: HandshakeAllThreads done
Event: 1.371 Executing VM operation: HandshakeAllThreads
Event: 1.371 Executing VM operation: HandshakeAllThreads done
Event: 1.470 Executing VM operation: ICBufferFull
Event: 1.470 Executing VM operation: ICBufferFull done
Event: 1.528 Executing VM operation: ICBufferFull
Event: 1.528 Executing VM operation: ICBufferFull done
Event: 1.645 Executing VM operation: ICBufferFull
Event: 1.645 Executing VM operation: ICBufferFull done
Event: 1.938 Executing VM operation: HandshakeAllThreads
Event: 1.938 Executing VM operation: HandshakeAllThreads done

Events (20 events):
Event: 1.921 loading class java/io/FileOutputStream$1 done
Event: 1.930 loading class java/lang/UnsatisfiedLinkError
Event: 1.930 loading class java/lang/UnsatisfiedLinkError done
Event: 1.931 loading class java/security/PrivilegedActionException
Event: 1.931 loading class java/security/PrivilegedActionException done
Event: 1.931 loading class java/nio/FloatBuffer
Event: 1.931 loading class java/nio/FloatBuffer done
Event: 1.931 loading class java/nio/DoubleBuffer
Event: 1.932 loading class java/nio/DoubleBuffer done
Event: 1.932 loading class java/nio/ShortBuffer
Event: 1.932 loading class java/nio/ShortBuffer done
Event: 1.932 loading class java/nio/DirectByteBuffer$Deallocator
Event: 1.932 loading class java/nio/DirectByteBuffer$Deallocator done
Event: 1.937 Loaded shared library C:\Users\charl\AppData\Local\Temp\libgdxcharl\dc0f0009\lwjgl64.dll
Event: 1.939 loading class java/lang/reflect/InaccessibleObjectException
Event: 1.939 loading class java/lang/reflect/InaccessibleObjectException done
Event: 1.946 loading class sun/misc/Unsafe
Event: 1.947 loading class sun/misc/Unsafe done
Event: 1.947 loading class jdk/internal/access/foreign/MemorySegmentProxy
Event: 1.947 loading class jdk/internal/access/foreign/MemorySegmentProxy done


Dynamic libraries:
0x00007ff75c350000 - 0x00007ff75c35e000 	C:\Program Files\Eclipse Adoptium\jdk-17.0.2.8-hotspot\bin\javaw.exe
0x00007fff2ed60000 - 0x00007fff2ef69000 	C:\WINDOWS\SYSTEM32\ntdll.dll
0x00007fff2eaf0000 - 0x00007fff2ebad000 	C:\WINDOWS\System32\KERNEL32.DLL
0x00007fff2c5f0000 - 0x00007fff2c964000 	C:\WINDOWS\System32\KERNELBASE.dll
0x00007fff2c970000 - 0x00007fff2ca81000 	C:\WINDOWS\System32\ucrtbase.dll
0x00007fff21180000 - 0x00007fff21198000 	C:\Program Files\Eclipse Adoptium\jdk-17.0.2.8-hotspot\bin\jli.dll
0x00007fff2d840000 - 0x00007fff2d9ec000 	C:\WINDOWS\System32\USER32.dll
0x00007fff2c250000 - 0x00007fff2c276000 	C:\WINDOWS\System32\win32u.dll
0x00007fff2e440000 - 0x00007fff2e469000 	C:\WINDOWS\System32\GDI32.dll
0x00007fff2c390000 - 0x00007fff2c4a2000 	C:\WINDOWS\System32\gdi32full.dll
0x00007fff2c2f0000 - 0x00007fff2c38d000 	C:\WINDOWS\System32\msvcp_win.dll
0x00007fff20350000 - 0x00007fff20369000 	C:\Program Files\Eclipse Adoptium\jdk-17.0.2.8-hotspot\bin\VCRUNTIME140.dll
0x00007fff15540000 - 0x00007fff157e5000 	C:\WINDOWS\WinSxS\amd64_microsoft.windows.common-controls_6595b64144ccf1df_6.0.22000.120_none_9d947278b86cc467\COMCTL32.dll
0x00007fff2d790000 - 0x00007fff2d833000 	C:\WINDOWS\System32\msvcrt.dll
0x00007fff2ebb0000 - 0x00007fff2ebe1000 	C:\WINDOWS\System32\IMM32.DLL
0x00007fff29360000 - 0x00007fff2936c000 	C:\Program Files\Eclipse Adoptium\jdk-17.0.2.8-hotspot\bin\vcruntime140_1.dll
0x00007ffeda480000 - 0x00007ffeda511000 	C:\Program Files\Eclipse Adoptium\jdk-17.0.2.8-hotspot\bin\msvcp140.dll
0x00007ffecdd30000 - 0x00007ffece977000 	C:\Program Files\Eclipse Adoptium\jdk-17.0.2.8-hotspot\bin\server\jvm.dll
0x00007fff2ea40000 - 0x00007fff2eaee000 	C:\WINDOWS\System32\ADVAPI32.dll
0x00007fff2d1a0000 - 0x00007fff2d23e000 	C:\WINDOWS\System32\sechost.dll
0x00007fff2e920000 - 0x00007fff2ea40000 	C:\WINDOWS\System32\RPCRT4.dll
0x00007fff2e8a0000 - 0x00007fff2e8a8000 	C:\WINDOWS\System32\PSAPI.DLL
0x00007fff29350000 - 0x00007fff29359000 	C:\WINDOWS\SYSTEM32\WSOCK32.dll
0x00007fff2ec50000 - 0x00007fff2ecbf000 	C:\WINDOWS\System32\WS2_32.dll
0x00007fff261a0000 - 0x00007fff261d3000 	C:\WINDOWS\SYSTEM32\WINMM.dll
0x00007fff23460000 - 0x00007fff2346a000 	C:\WINDOWS\SYSTEM32\VERSION.dll
0x00007fff2b400000 - 0x00007fff2b418000 	C:\WINDOWS\SYSTEM32\kernel.appcore.dll
0x00007fff26800000 - 0x00007fff2680a000 	C:\Program Files\Eclipse Adoptium\jdk-17.0.2.8-hotspot\bin\jimage.dll
0x00007fff1b9c0000 - 0x00007fff1bbe1000 	C:\WINDOWS\SYSTEM32\DBGHELP.DLL
0x00007fff14c40000 - 0x00007fff14c71000 	C:\WINDOWS\SYSTEM32\dbgcore.DLL
0x00007fff2c4b0000 - 0x00007fff2c52f000 	C:\WINDOWS\System32\bcryptPrimitives.dll
0x00007fff14810000 - 0x00007fff14835000 	C:\Program Files\Eclipse Adoptium\jdk-17.0.2.8-hotspot\bin\java.dll
0x00007fff13c20000 - 0x00007fff13cf6000 	C:\Program Files\Eclipse Adoptium\jdk-17.0.2.8-hotspot\bin\jsvml.dll
0x00007fff2dbb0000 - 0x00007fff2e35f000 	C:\WINDOWS\System32\SHELL32.dll
0x00007fff2a380000 - 0x00007fff2abe8000 	C:\WINDOWS\SYSTEM32\windows.storage.dll
0x00007fff2ccf0000 - 0x00007fff2d068000 	C:\WINDOWS\System32\combase.dll
0x00007fff2a210000 - 0x00007fff2a376000 	C:\WINDOWS\SYSTEM32\wintypes.dll
0x00007fff2e7b0000 - 0x00007fff2e89a000 	C:\WINDOWS\System32\SHCORE.dll
0x00007fff2d140000 - 0x00007fff2d19d000 	C:\WINDOWS\System32\shlwapi.dll
0x00007fff2c180000 - 0x00007fff2c1a1000 	C:\WINDOWS\SYSTEM32\profapi.dll
0x00007fff20370000 - 0x00007fff20389000 	C:\Program Files\Eclipse Adoptium\jdk-17.0.2.8-hotspot\bin\net.dll
0x00007fff24380000 - 0x00007fff2448c000 	C:\WINDOWS\SYSTEM32\WINHTTP.dll
0x00007fff2b820000 - 0x00007fff2b887000 	C:\WINDOWS\system32\mswsock.dll
0x00007fff19e20000 - 0x00007fff19e35000 	C:\Program Files\Eclipse Adoptium\jdk-17.0.2.8-hotspot\bin\nio.dll
0x00007fff19c40000 - 0x00007fff19c58000 	C:\Program Files\Eclipse Adoptium\jdk-17.0.2.8-hotspot\bin\zip.dll
0x00007fff267f0000 - 0x00007fff26800000 	C:\Program Files\Eclipse Adoptium\jdk-17.0.2.8-hotspot\bin\verify.dll
0x0000000065580000 - 0x0000000065616000 	C:\Users\charl\AppData\Local\Temp\libgdxcharl\12dfaa03\gdx64.dll
0x00007fff2baf0000 - 0x00007fff2bb08000 	C:\WINDOWS\SYSTEM32\CRYPTSP.dll
0x00007fff2b360000 - 0x00007fff2b395000 	C:\WINDOWS\system32\rsaenh.dll
0x00007fff2b8c0000 - 0x00007fff2b8e9000 	C:\WINDOWS\SYSTEM32\USERENV.dll
0x00007fff2bc30000 - 0x00007fff2bc57000 	C:\WINDOWS\SYSTEM32\bcrypt.dll
0x00007fff2ba10000 - 0x00007fff2ba1c000 	C:\WINDOWS\SYSTEM32\CRYPTBASE.dll
0x00007fff2ae30000 - 0x00007fff2ae5d000 	C:\WINDOWS\SYSTEM32\IPHLPAPI.DLL
0x00007fff2d780000 - 0x00007fff2d789000 	C:\WINDOWS\System32\NSI.dll
0x00007fff23a30000 - 0x00007fff23a49000 	C:\WINDOWS\SYSTEM32\dhcpcsvc6.DLL
0x00007fff24eb0000 - 0x00007fff24ece000 	C:\WINDOWS\SYSTEM32\dhcpcsvc.DLL
0x00007fff2ae60000 - 0x00007fff2af48000 	C:\WINDOWS\SYSTEM32\DNSAPI.dll
0x0000000180000000 - 0x0000000180053000 	C:\Users\charl\AppData\Local\Temp\libgdxcharl\dc0f0009\lwjgl64.dll
0x00007ffed0220000 - 0x00007ffed0321000 	C:\WINDOWS\SYSTEM32\OPENGL32.dll
0x00007fff13b50000 - 0x00007fff13b7d000 	C:\WINDOWS\SYSTEM32\GLU32.dll
0x00007fff29850000 - 0x00007fff29888000 	C:\WINDOWS\SYSTEM32\dxcore.dll
0x000001afb0780000 - 0x000001afb07e4000 	C:\Users\charl\AppData\Local\Temp\libgdxcharl\dc0f0009\OpenAL64.dll
0x00007fff2e470000 - 0x00007fff2e60a000 	C:\WINDOWS\System32\ole32.dll
0x00007fff29770000 - 0x00007fff2981c000 	C:\WINDOWS\system32\uxtheme.dll
0x00007fff2d070000 - 0x00007fff2d11f000 	C:\WINDOWS\System32\clbcatq.dll
0x00007fff12e30000 - 0x00007fff12ed2000 	C:\WINDOWS\SYSTEM32\dsound.dll
0x00007ffef27b0000 - 0x00007ffef2861000 	C:\WINDOWS\SYSTEM32\ResampleDmo.DLL
0x00007fff2af80000 - 0x00007fff2afcd000 	C:\WINDOWS\SYSTEM32\powrprof.dll
0x00007fff2e360000 - 0x00007fff2e436000 	C:\WINDOWS\System32\OLEAUT32.dll
0x00007fff19730000 - 0x00007fff19759000 	C:\WINDOWS\SYSTEM32\winmmbase.dll
0x00007fff292d0000 - 0x00007fff292db000 	C:\WINDOWS\SYSTEM32\msdmo.dll
0x00007fff2af60000 - 0x00007fff2af73000 	C:\WINDOWS\SYSTEM32\UMPDC.dll
0x00007fff1fba0000 - 0x00007fff1fc3c000 	C:\WINDOWS\System32\MMDevApi.dll
0x00007fff2bf80000 - 0x00007fff2bfac000 	C:\WINDOWS\System32\DEVOBJ.dll
0x00007fff2bf20000 - 0x00007fff2bf6c000 	C:\WINDOWS\System32\CFGMGR32.dll
0x00007fff18bc0000 - 0x00007fff18d95000 	C:\WINDOWS\SYSTEM32\AUDIOSES.DLL

dbghelp: loaded successfully - version: 4.0.5 - missing functions: none
symbol engine: initialized successfully - sym options: 0x614 - pdb path: .;C:\Program Files\Eclipse Adoptium\jdk-17.0.2.8-hotspot\bin;C:\WINDOWS\SYSTEM32;C:\WINDOWS\WinSxS\amd64_microsoft.windows.common-controls_6595b64144ccf1df_6.0.22000.120_none_9d947278b86cc467;C:\Program Files\Eclipse Adoptium\jdk-17.0.2.8-hotspot\bin\server;C:\Users\charl\AppData\Local\Temp\libgdxcharl\12dfaa03;C:\Users\charl\AppData\Local\Temp\libgdxcharl\dc0f0009

VM Arguments:
jvm_args: -Duser.language=es_ES -Dfile.encoding=UTF-8 
java_command: org.uqbar.project.wollok.launch.WollokLauncher -requestsPort 0 -eventsPort 0 -folder -dontValidate -wf src/juego.wpgm -darkMode
java_class_path (initial): D:\carlos\ProyectosGitHub\Wollok\WarriorGames\bin;D:\carlos\pdep\wollok-win32.win32.x86_64\plugins\com.ibm.icu_64.2.0.v20190507-1337.jar;D:\carlos\pdep\wollok-win32.win32.x86_64\plugins\org.eclipse.xtext_2.20.0.v20191202-0915.jar;D:\carlos\pdep\wollok-win32.win32.x86_64\plugins\org.eclipse.emf.ecore.xmi_2.16.0.v20190528-0725.jar;D:\carlos\pdep\wollok-win32.win32.x86_64\plugins\org.eclipse.emf.ecore_2.20.0.v20190920-0401.jar;D:\carlos\pdep\wollok-win32.win32.x86_64\plugins\org.eclipse.emf.common_2.17.0.v20190920-0401.jar;D:\carlos\pdep\wollok-win32.win32.x86_64\plugins\org.antlr.runtime_3.2.0.v201101311130.jar;D:\carlos\pdep\wollok-win32.win32.x86_64\plugins\com.google.inject_3.0.0.v201605172100.jar;D:\carlos\pdep\wollok-win32.win32.x86_64\plugins\org.eclipse.emf.mwe.core_1.5.1.v20191121-1148.jar;D:\carlos\pdep\wollok-win32.win32.x86_64\plugins\org.apache.commons.cli_1.2.0.v201404270220.jar;D:\carlos\pdep\wollok-win32.win32.x86_64\plugins\org.eclipse.emf.mwe2.runtime_2.11.1.v20191121-1148.jar;D:\carlos\pdep\wollok-win32.win32.x86_64\plugins\org.eclipse.emf.mwe.utils_1.5.1.v20191121-1148.jar;D:\carlos\pdep\wollok-win32.win32.x86_64\plugins\org.eclipse.xtext.util_2.20.0.v20191202-0915.jar;D:\carlos\pdep\wollok-win32.win32.x86_64\plugins\com.google.guava_27.1.0.v20190517-1946.jar;D:\carlos\pdep\wollok-win32.win32.x86_64\plugins\javax.inject_1.0.0.v20091030.jar;D:\carlos\pdep\wollok-win32.win32.x86_64\plugins\org.eclipse.xtext.generator_2.20.0.v20191202-0933.jar;D:\carlos\pdep\wollok-win32.win32.x86_64\plugins\org.eclipse.xtext.xtext.generator_2.20.0.v20191202-0915.jar;D:\carlos\pdep\wollok-win32.win32.x86_64\plugins\org.eclipse.xtext.xbase.lib_2.20.0.v20191202-0907.jar;D:\carlos\pdep\wollok-win32.win32.x86_64\plugins\org.eclipse.emf.codegen.ecore_2.20.0.v20191012-0918.jar;D:\carlos\pdep\wollok-win32.win32.x86_64\plugins\org.eclipse.emf.codegen_2.19.0.v20190821-1536.jar;D:\carlos\pdep\wollok-win32.win32.x86_64\plugins\org.eclipse.xtend_2.2.0.
Launcher Type: SUN_STANDARD

[Global flags]
     intx CICompilerCount                          = 3                                         {product} {ergonomic}
     uint ConcGCThreads                            = 1                                         {product} {ergonomic}
     uint G1ConcRefinementThreads                  = 4                                         {product} {ergonomic}
   size_t G1HeapRegionSize                         = 4194304                                   {product} {ergonomic}
    uintx GCDrainStackTargetSize                   = 64                                        {product} {ergonomic}
   size_t InitialHeapSize                          = 402653184                                 {product} {ergonomic}
   size_t MarkStackSize                            = 4194304                                   {product} {ergonomic}
   size_t MaxHeapSize                              = 6434062336                                {product} {ergonomic}
   size_t MaxNewSize                               = 3858759680                                {product} {ergonomic}
   size_t MinHeapDeltaBytes                        = 4194304                                   {product} {ergonomic}
   size_t MinHeapSize                              = 8388608                                   {product} {ergonomic}
    uintx NonNMethodCodeHeapSize                   = 5832780                                {pd product} {ergonomic}
    uintx NonProfiledCodeHeapSize                  = 122912730                              {pd product} {ergonomic}
    uintx ProfiledCodeHeapSize                     = 122912730                              {pd product} {ergonomic}
    uintx ReservedCodeCacheSize                    = 251658240                              {pd product} {ergonomic}
     bool SegmentedCodeCache                       = true                                      {product} {ergonomic}
   size_t SoftMaxHeapSize                          = 6434062336                             {manageable} {ergonomic}
     bool UseCompressedClassPointers               = true                           {product lp64_product} {ergonomic}
     bool UseCompressedOops                        = true                           {product lp64_product} {ergonomic}
     bool UseG1GC                                  = true                                      {product} {ergonomic}
     bool UseLargePagesIndividualAllocation        = false                                  {pd product} {ergonomic}

Logging:
Log output configuration:
 #0: stdout all=warning uptime,level,tags
 #1: stderr all=off uptime,level,tags

Environment Variables:
JAVA_HOME=C:\Program Files\Java\jdk1.8.0_281
PATH=C:/Program Files/Eclipse Adoptium/jdk-17.0.2.8-hotspot/bin/server;C:/Program Files/Eclipse Adoptium/jdk-17.0.2.8-hotspot/bin;C:\Program Files\Eclipse Adoptium\jdk-17.0.2.8-hotspot\bin;C:\Program Files (x86)\Common Files\Oracle\Java\javapath;C:\Program Files (x86)\Common Files\Intel\Shared Libraries\redist\intel64\compiler;C:\WINDOWS\system32;C:\WINDOWS;C:\WINDOWS\System32\Wbem;C:\WINDOWS\System32\WindowsPowerShell\v1.0\;C:\WINDOWS\System32\OpenSSH\;C:\Program Files (x86)\NVIDIA Corporation\PhysX\Common;C:\Program Files\NVIDIA Corporation\NVIDIA NvDLISR;C:\Program Files\Java\jdk1.8.0_281;C:\Program Files\Java\jdk1.8.0_281\bin;C:\Home\apache-maven-3.5.2\bin;C:\Program Files\swipl\bin;C:\Program Files\dotnet\;C:\Program Files\Microsoft SQL Server\130\Tools\Binn\;C:\Program Files\Microsoft SQL Server\Client SDK\ODBC\170\Tools\Binn\;C:\WINDOWS\system32;C:\WINDOWS;C:\WINDOWS\System32\Wbem;C:\WINDOWS\System32\WindowsPowerShell\v1.0\;C:\WINDOWS\System32\OpenSSH\;C:\Users\charl\AppData\Local\Programs\Python\Python38\Scripts\;C:\Users\charl\AppData\Local\Programs\Python\Python38\;C:\Program Files (x86)\Microsoft SQL Server\150\DTS\Binn\;C:\Program Files\Azure Data Studio\bin;C:\Program Files (x86)\Microsoft SQL Server\150\Tools\Binn\;C:\Program Files\Microsoft SQL Server\150\Tools\Binn\;C:\Program Files\Microsoft SQL Server\150\DTS\Binn\;C:\Program Files\Docker\Docker\resources\bin;C:\ProgramData\DockerDesktop\version-bin;C:\Program Files\Microsoft SQL Server\110\Tools\Binn\;C:\Program Files (x86)\Microsoft SQL Server\110\Tools\Binn\;C:\Program Files\Microsoft SQL Server\110\DTS\Binn\;C:\Program Files (x86)\Microsoft SQL Server\110\Tools\Binn\ManagementStudio\;C:\Program Files (x86)\Microsoft Visual Studio 10.0\Common7\IDE\PrivateAssemblies\;C:\Program Files (x86)\Microsoft SQL Server\110\DTS\Binn\;C:\Program Files\Git\cmd;C:\Program Files (x86)\dotnet\;C:\Users\charl\AppData\Local\Programs\Python\Python38\Scripts\;C:\Users\charl\AppData\Local\Programs\Python\Python38\;C:\U
USERNAME=charl
OS=Windows_NT
PROCESSOR_IDENTIFIER=Intel64 Family 6 Model 158 Stepping 9, GenuineIntel



---------------  S Y S T E M  ---------------

OS:
 Windows 11 , 64 bit Build 22000 (10.0.22000.613)
OS uptime: 11 days 18:13 hours
Hyper-V role detected

CPU: total 4 (initial active 4) (4 cores per cpu, 1 threads per core) family 6 model 158 stepping 9 microcode 0xde, cx8, cmov, fxsr, mmx, 3dnowpref, sse, sse2, sse3, ssse3, sse4.1, sse4.2, popcnt, lzcnt, tsc, tscinvbit, avx, avx2, aes, erms, clmul, bmi1, bmi2, rtm, adx, fma, vzeroupper, clflush, clflushopt, hv

Memory: 4k page, system-wide physical 24534M (16989M free)
TotalPageFile size 28118M (AvailPageFile size 17457M)
current process WorkingSet (physical memory assigned to process): 173M, peak: 176M
current process commit charge ("private bytes"): 531M, peak: 540M

vm_info: OpenJDK 64-Bit Server VM (17.0.2+8) for windows-amd64 JRE (17.0.2+8), built on Jan 20 2022 04:52:34 by "" with MS VC++ 16.7 (VS2019)

END.
